19:01:18.348 [main] INFO  o.g.jersey.server.ApplicationHandler - Initiating Jersey application, version Jersey: 2.5 2013-12-18 14:27:29...
19:01:18.450 [main] WARN  o.g.jersey.internal.inject.Providers - A provider com.aceevo.ursus.example.api.EchoEndpointResource registered in SERVER runtime does not implement any provider interfaces applicable in the SERVER runtime. Due to constraint configuration problems the provider com.aceevo.ursus.example.api.EchoEndpointResource will be ignored. 
19:01:18.758 [main] INFO  c.aceevo.ursus.core.UrsusApplication - Starting all managed services...
19:01:19.286 [main] INFO  o.g.g.http.server.NetworkListener - Started listener bound to [localhost:8080]
19:01:19.290 [main] INFO  o.g.grizzly.http.server.HttpServer - [HttpServer] Started.
19:01:19.290 [main] INFO  c.aceevo.ursus.core.UrsusApplication - Press CTRL^C to exit..
19:01:43.293 [Grizzly(2) SelectorRunner] INFO  c.a.u.e.api.EchoEndpointResource - Received message from client: Hello World
19:18:34.159 [main] INFO  o.g.jersey.server.ApplicationHandler - Initiating Jersey application, version Jersey: 2.5 2013-12-18 14:27:29...
19:18:34.267 [main] WARN  o.g.jersey.internal.inject.Providers - A provider com.aceevo.ursus.example.api.EchoEndpointResource registered in SERVER runtime does not implement any provider interfaces applicable in the SERVER runtime. Due to constraint configuration problems the provider com.aceevo.ursus.example.api.EchoEndpointResource will be ignored. 
19:18:34.588 [main] INFO  c.aceevo.ursus.core.UrsusApplication - Starting all managed services...
19:18:35.136 [main] ERROR c.aceevo.ursus.core.UrsusApplication - There was an error while starting Grizzly HTTP server.
java.net.BindException: Address already in use
	at sun.nio.ch.Net.bind0(Native Method) ~[na:1.7.0_45]
	at sun.nio.ch.Net.bind(Net.java:444) ~[na:1.7.0_45]
	at sun.nio.ch.Net.bind(Net.java:436) ~[na:1.7.0_45]
	at sun.nio.ch.ServerSocketChannelImpl.bind(ServerSocketChannelImpl.java:214) ~[na:1.7.0_45]
	at sun.nio.ch.ServerSocketAdaptor.bind(ServerSocketAdaptor.java:74) ~[na:1.7.0_45]
	at org.glassfish.grizzly.nio.transport.TCPNIOBindingHandler.bindToChannelAndAddress(TCPNIOBindingHandler.java:132) ~[ursus-simple-rest-application-0.1-SNAPSHOT.jar:na]
	at org.glassfish.grizzly.nio.transport.TCPNIOBindingHandler.bind(TCPNIOBindingHandler.java:88) ~[ursus-simple-rest-application-0.1-SNAPSHOT.jar:na]
	at org.glassfish.grizzly.nio.transport.TCPNIOTransport.bind(TCPNIOTransport.java:233) ~[ursus-simple-rest-application-0.1-SNAPSHOT.jar:na]
	at org.glassfish.grizzly.nio.transport.TCPNIOTransport.bind(TCPNIOTransport.java:213) ~[ursus-simple-rest-application-0.1-SNAPSHOT.jar:na]
	at org.glassfish.grizzly.nio.transport.TCPNIOTransport.bind(TCPNIOTransport.java:204) ~[ursus-simple-rest-application-0.1-SNAPSHOT.jar:na]
	at org.glassfish.grizzly.http.server.NetworkListener.start(NetworkListener.java:680) ~[ursus-simple-rest-application-0.1-SNAPSHOT.jar:na]
	at org.glassfish.grizzly.http.server.HttpServer.start(HttpServer.java:276) ~[ursus-simple-rest-application-0.1-SNAPSHOT.jar:na]
	at com.aceevo.ursus.core.UrsusApplication.startWithShutdownHook(UrsusApplication.java:178) [ursus-simple-rest-application-0.1-SNAPSHOT.jar:na]
	at com.aceevo.ursus.example.SimpleRestApplication.run(SimpleRestApplication.java:24) [ursus-simple-rest-application-0.1-SNAPSHOT.jar:na]
	at com.aceevo.ursus.core.UrsusApplication.<init>(UrsusApplication.java:78) [ursus-simple-rest-application-0.1-SNAPSHOT.jar:na]
	at com.aceevo.ursus.example.SimpleRestApplication.<init>(SimpleRestApplication.java:7) [ursus-simple-rest-application-0.1-SNAPSHOT.jar:na]
	at com.aceevo.ursus.example.SimpleRestApplication.main(SimpleRestApplication.java:10) [ursus-simple-rest-application-0.1-SNAPSHOT.jar:na]
19:18:35.137 [shutdownHook] INFO  c.aceevo.ursus.core.UrsusApplication - Stopping Grizzly HttpServer...
19:18:35.139 [shutdownHook] INFO  c.aceevo.ursus.core.UrsusApplication - Stopping all managed services...
19:18:38.406 [shutdownHook] INFO  c.aceevo.ursus.core.UrsusApplication - Stopping Grizzly HttpServer...
19:18:38.428 [shutdownHook] INFO  c.aceevo.ursus.core.UrsusApplication - Stopping all managed services...
19:18:40.968 [main] INFO  o.g.jersey.server.ApplicationHandler - Initiating Jersey application, version Jersey: 2.5 2013-12-18 14:27:29...
19:18:41.071 [main] WARN  o.g.jersey.internal.inject.Providers - A provider com.aceevo.ursus.example.api.EchoEndpointResource registered in SERVER runtime does not implement any provider interfaces applicable in the SERVER runtime. Due to constraint configuration problems the provider com.aceevo.ursus.example.api.EchoEndpointResource will be ignored. 
19:18:41.388 [main] INFO  c.aceevo.ursus.core.UrsusApplication - Starting all managed services...
19:18:41.914 [main] INFO  o.g.g.http.server.NetworkListener - Started listener bound to [localhost:8080]
19:18:41.921 [main] INFO  o.g.grizzly.http.server.HttpServer - [HttpServer] Started.
19:18:41.921 [main] INFO  c.aceevo.ursus.core.UrsusApplication - Press CTRL^C to exit..
19:18:53.235 [Grizzly-worker(1)] INFO  c.aceevo.ursus.core.UrsusApplication - handling unknown exception type returning 500: 
javax.ws.rs.NotFoundException: HTTP 404 Not Found
	at org.glassfish.jersey.server.ServerRuntime$1.run(ServerRuntime.java:255) ~[ursus-simple-rest-application-0.1-SNAPSHOT.jar:na]
	at org.glassfish.jersey.internal.Errors$1.call(Errors.java:271) [ursus-simple-rest-application-0.1-SNAPSHOT.jar:na]
	at org.glassfish.jersey.internal.Errors$1.call(Errors.java:267) [ursus-simple-rest-application-0.1-SNAPSHOT.jar:na]
	at org.glassfish.jersey.internal.Errors.process(Errors.java:315) [ursus-simple-rest-application-0.1-SNAPSHOT.jar:na]
	at org.glassfish.jersey.internal.Errors.process(Errors.java:297) [ursus-simple-rest-application-0.1-SNAPSHOT.jar:na]
	at org.glassfish.jersey.internal.Errors.process(Errors.java:267) [ursus-simple-rest-application-0.1-SNAPSHOT.jar:na]
	at org.glassfish.jersey.process.internal.RequestScope.runInScope(RequestScope.java:318) [ursus-simple-rest-application-0.1-SNAPSHOT.jar:na]
	at org.glassfish.jersey.server.ServerRuntime.process(ServerRuntime.java:236) [ursus-simple-rest-application-0.1-SNAPSHOT.jar:na]
	at org.glassfish.jersey.server.ApplicationHandler.handle(ApplicationHandler.java:1010) [ursus-simple-rest-application-0.1-SNAPSHOT.jar:na]
	at org.glassfish.jersey.grizzly2.httpserver.GrizzlyHttpContainer.service(GrizzlyHttpContainer.java:363) [ursus-simple-rest-application-0.1-SNAPSHOT.jar:na]
	at org.glassfish.grizzly.http.server.HttpHandler$1.run(HttpHandler.java:217) [ursus-simple-rest-application-0.1-SNAPSHOT.jar:na]
	at org.glassfish.grizzly.threadpool.AbstractThreadPool$Worker.doWork(AbstractThreadPool.java:565) [ursus-simple-rest-application-0.1-SNAPSHOT.jar:na]
	at org.glassfish.grizzly.threadpool.AbstractThreadPool$Worker.run(AbstractThreadPool.java:545) [ursus-simple-rest-application-0.1-SNAPSHOT.jar:na]
	at java.lang.Thread.run(Thread.java:744) [na:1.7.0_45]
19:19:08.985 [Grizzly-worker(4)] INFO  c.aceevo.ursus.core.UrsusApplication - handling unknown exception type returning 500: 
javax.ws.rs.NotFoundException: HTTP 404 Not Found
	at org.glassfish.jersey.server.ServerRuntime$1.run(ServerRuntime.java:255) ~[ursus-simple-rest-application-0.1-SNAPSHOT.jar:na]
	at org.glassfish.jersey.internal.Errors$1.call(Errors.java:271) [ursus-simple-rest-application-0.1-SNAPSHOT.jar:na]
	at org.glassfish.jersey.internal.Errors$1.call(Errors.java:267) [ursus-simple-rest-application-0.1-SNAPSHOT.jar:na]
	at org.glassfish.jersey.internal.Errors.process(Errors.java:315) [ursus-simple-rest-application-0.1-SNAPSHOT.jar:na]
	at org.glassfish.jersey.internal.Errors.process(Errors.java:297) [ursus-simple-rest-application-0.1-SNAPSHOT.jar:na]
	at org.glassfish.jersey.internal.Errors.process(Errors.java:267) [ursus-simple-rest-application-0.1-SNAPSHOT.jar:na]
	at org.glassfish.jersey.process.internal.RequestScope.runInScope(RequestScope.java:318) [ursus-simple-rest-application-0.1-SNAPSHOT.jar:na]
	at org.glassfish.jersey.server.ServerRuntime.process(ServerRuntime.java:236) [ursus-simple-rest-application-0.1-SNAPSHOT.jar:na]
	at org.glassfish.jersey.server.ApplicationHandler.handle(ApplicationHandler.java:1010) [ursus-simple-rest-application-0.1-SNAPSHOT.jar:na]
	at org.glassfish.jersey.grizzly2.httpserver.GrizzlyHttpContainer.service(GrizzlyHttpContainer.java:363) [ursus-simple-rest-application-0.1-SNAPSHOT.jar:na]
	at org.glassfish.grizzly.http.server.HttpHandler$1.run(HttpHandler.java:217) [ursus-simple-rest-application-0.1-SNAPSHOT.jar:na]
	at org.glassfish.grizzly.threadpool.AbstractThreadPool$Worker.doWork(AbstractThreadPool.java:565) [ursus-simple-rest-application-0.1-SNAPSHOT.jar:na]
	at org.glassfish.grizzly.threadpool.AbstractThreadPool$Worker.run(AbstractThreadPool.java:545) [ursus-simple-rest-application-0.1-SNAPSHOT.jar:na]
	at java.lang.Thread.run(Thread.java:744) [na:1.7.0_45]
19:19:15.153 [Grizzly-worker(5)] INFO  c.aceevo.ursus.core.UrsusApplication - handling unknown exception type returning 500: 
javax.ws.rs.NotFoundException: HTTP 404 Not Found
	at org.glassfish.jersey.server.ServerRuntime$1.run(ServerRuntime.java:255) ~[ursus-simple-rest-application-0.1-SNAPSHOT.jar:na]
	at org.glassfish.jersey.internal.Errors$1.call(Errors.java:271) [ursus-simple-rest-application-0.1-SNAPSHOT.jar:na]
	at org.glassfish.jersey.internal.Errors$1.call(Errors.java:267) [ursus-simple-rest-application-0.1-SNAPSHOT.jar:na]
	at org.glassfish.jersey.internal.Errors.process(Errors.java:315) [ursus-simple-rest-application-0.1-SNAPSHOT.jar:na]
	at org.glassfish.jersey.internal.Errors.process(Errors.java:297) [ursus-simple-rest-application-0.1-SNAPSHOT.jar:na]
	at org.glassfish.jersey.internal.Errors.process(Errors.java:267) [ursus-simple-rest-application-0.1-SNAPSHOT.jar:na]
	at org.glassfish.jersey.process.internal.RequestScope.runInScope(RequestScope.java:318) [ursus-simple-rest-application-0.1-SNAPSHOT.jar:na]
	at org.glassfish.jersey.server.ServerRuntime.process(ServerRuntime.java:236) [ursus-simple-rest-application-0.1-SNAPSHOT.jar:na]
	at org.glassfish.jersey.server.ApplicationHandler.handle(ApplicationHandler.java:1010) [ursus-simple-rest-application-0.1-SNAPSHOT.jar:na]
	at org.glassfish.jersey.grizzly2.httpserver.GrizzlyHttpContainer.service(GrizzlyHttpContainer.java:363) [ursus-simple-rest-application-0.1-SNAPSHOT.jar:na]
	at org.glassfish.grizzly.http.server.HttpHandler$1.run(HttpHandler.java:217) [ursus-simple-rest-application-0.1-SNAPSHOT.jar:na]
	at org.glassfish.grizzly.threadpool.AbstractThreadPool$Worker.doWork(AbstractThreadPool.java:565) [ursus-simple-rest-application-0.1-SNAPSHOT.jar:na]
	at org.glassfish.grizzly.threadpool.AbstractThreadPool$Worker.run(AbstractThreadPool.java:545) [ursus-simple-rest-application-0.1-SNAPSHOT.jar:na]
	at java.lang.Thread.run(Thread.java:744) [na:1.7.0_45]
19:19:15.219 [Grizzly-worker(6)] INFO  c.aceevo.ursus.core.UrsusApplication - handling unknown exception type returning 500: 
javax.ws.rs.NotFoundException: HTTP 404 Not Found
	at org.glassfish.jersey.server.ServerRuntime$1.run(ServerRuntime.java:255) ~[ursus-simple-rest-application-0.1-SNAPSHOT.jar:na]
	at org.glassfish.jersey.internal.Errors$1.call(Errors.java:271) [ursus-simple-rest-application-0.1-SNAPSHOT.jar:na]
	at org.glassfish.jersey.internal.Errors$1.call(Errors.java:267) [ursus-simple-rest-application-0.1-SNAPSHOT.jar:na]
	at org.glassfish.jersey.internal.Errors.process(Errors.java:315) [ursus-simple-rest-application-0.1-SNAPSHOT.jar:na]
	at org.glassfish.jersey.internal.Errors.process(Errors.java:297) [ursus-simple-rest-application-0.1-SNAPSHOT.jar:na]
	at org.glassfish.jersey.internal.Errors.process(Errors.java:267) [ursus-simple-rest-application-0.1-SNAPSHOT.jar:na]
	at org.glassfish.jersey.process.internal.RequestScope.runInScope(RequestScope.java:318) [ursus-simple-rest-application-0.1-SNAPSHOT.jar:na]
	at org.glassfish.jersey.server.ServerRuntime.process(ServerRuntime.java:236) [ursus-simple-rest-application-0.1-SNAPSHOT.jar:na]
	at org.glassfish.jersey.server.ApplicationHandler.handle(ApplicationHandler.java:1010) [ursus-simple-rest-application-0.1-SNAPSHOT.jar:na]
	at org.glassfish.jersey.grizzly2.httpserver.GrizzlyHttpContainer.service(GrizzlyHttpContainer.java:363) [ursus-simple-rest-application-0.1-SNAPSHOT.jar:na]
	at org.glassfish.grizzly.http.server.HttpHandler$1.run(HttpHandler.java:217) [ursus-simple-rest-application-0.1-SNAPSHOT.jar:na]
	at org.glassfish.grizzly.threadpool.AbstractThreadPool$Worker.doWork(AbstractThreadPool.java:565) [ursus-simple-rest-application-0.1-SNAPSHOT.jar:na]
	at org.glassfish.grizzly.threadpool.AbstractThreadPool$Worker.run(AbstractThreadPool.java:545) [ursus-simple-rest-application-0.1-SNAPSHOT.jar:na]
	at java.lang.Thread.run(Thread.java:744) [na:1.7.0_45]
19:19:28.392 [Grizzly-worker(7)] INFO  c.aceevo.ursus.core.UrsusApplication - handling unknown exception type returning 500: 
javax.ws.rs.NotFoundException: HTTP 404 Not Found
	at org.glassfish.jersey.server.ServerRuntime$1.run(ServerRuntime.java:255) ~[ursus-simple-rest-application-0.1-SNAPSHOT.jar:na]
	at org.glassfish.jersey.internal.Errors$1.call(Errors.java:271) [ursus-simple-rest-application-0.1-SNAPSHOT.jar:na]
	at org.glassfish.jersey.internal.Errors$1.call(Errors.java:267) [ursus-simple-rest-application-0.1-SNAPSHOT.jar:na]
	at org.glassfish.jersey.internal.Errors.process(Errors.java:315) [ursus-simple-rest-application-0.1-SNAPSHOT.jar:na]
	at org.glassfish.jersey.internal.Errors.process(Errors.java:297) [ursus-simple-rest-application-0.1-SNAPSHOT.jar:na]
	at org.glassfish.jersey.internal.Errors.process(Errors.java:267) [ursus-simple-rest-application-0.1-SNAPSHOT.jar:na]
	at org.glassfish.jersey.process.internal.RequestScope.runInScope(RequestScope.java:318) [ursus-simple-rest-application-0.1-SNAPSHOT.jar:na]
	at org.glassfish.jersey.server.ServerRuntime.process(ServerRuntime.java:236) [ursus-simple-rest-application-0.1-SNAPSHOT.jar:na]
	at org.glassfish.jersey.server.ApplicationHandler.handle(ApplicationHandler.java:1010) [ursus-simple-rest-application-0.1-SNAPSHOT.jar:na]
	at org.glassfish.jersey.grizzly2.httpserver.GrizzlyHttpContainer.service(GrizzlyHttpContainer.java:363) [ursus-simple-rest-application-0.1-SNAPSHOT.jar:na]
	at org.glassfish.grizzly.http.server.HttpHandler$1.run(HttpHandler.java:217) [ursus-simple-rest-application-0.1-SNAPSHOT.jar:na]
	at org.glassfish.grizzly.threadpool.AbstractThreadPool$Worker.doWork(AbstractThreadPool.java:565) [ursus-simple-rest-application-0.1-SNAPSHOT.jar:na]
	at org.glassfish.grizzly.threadpool.AbstractThreadPool$Worker.run(AbstractThreadPool.java:545) [ursus-simple-rest-application-0.1-SNAPSHOT.jar:na]
	at java.lang.Thread.run(Thread.java:744) [na:1.7.0_45]
19:19:28.444 [Grizzly-worker(8)] INFO  c.aceevo.ursus.core.UrsusApplication - handling unknown exception type returning 500: 
javax.ws.rs.NotFoundException: HTTP 404 Not Found
	at org.glassfish.jersey.server.ServerRuntime$1.run(ServerRuntime.java:255) ~[ursus-simple-rest-application-0.1-SNAPSHOT.jar:na]
	at org.glassfish.jersey.internal.Errors$1.call(Errors.java:271) [ursus-simple-rest-application-0.1-SNAPSHOT.jar:na]
	at org.glassfish.jersey.internal.Errors$1.call(Errors.java:267) [ursus-simple-rest-application-0.1-SNAPSHOT.jar:na]
	at org.glassfish.jersey.internal.Errors.process(Errors.java:315) [ursus-simple-rest-application-0.1-SNAPSHOT.jar:na]
	at org.glassfish.jersey.internal.Errors.process(Errors.java:297) [ursus-simple-rest-application-0.1-SNAPSHOT.jar:na]
	at org.glassfish.jersey.internal.Errors.process(Errors.java:267) [ursus-simple-rest-application-0.1-SNAPSHOT.jar:na]
	at org.glassfish.jersey.process.internal.RequestScope.runInScope(RequestScope.java:318) [ursus-simple-rest-application-0.1-SNAPSHOT.jar:na]
	at org.glassfish.jersey.server.ServerRuntime.process(ServerRuntime.java:236) [ursus-simple-rest-application-0.1-SNAPSHOT.jar:na]
	at org.glassfish.jersey.server.ApplicationHandler.handle(ApplicationHandler.java:1010) [ursus-simple-rest-application-0.1-SNAPSHOT.jar:na]
	at org.glassfish.jersey.grizzly2.httpserver.GrizzlyHttpContainer.service(GrizzlyHttpContainer.java:363) [ursus-simple-rest-application-0.1-SNAPSHOT.jar:na]
	at org.glassfish.grizzly.http.server.HttpHandler$1.run(HttpHandler.java:217) [ursus-simple-rest-application-0.1-SNAPSHOT.jar:na]
	at org.glassfish.grizzly.threadpool.AbstractThreadPool$Worker.doWork(AbstractThreadPool.java:565) [ursus-simple-rest-application-0.1-SNAPSHOT.jar:na]
	at org.glassfish.grizzly.threadpool.AbstractThreadPool$Worker.run(AbstractThreadPool.java:545) [ursus-simple-rest-application-0.1-SNAPSHOT.jar:na]
	at java.lang.Thread.run(Thread.java:744) [na:1.7.0_45]
19:19:43.086 [Grizzly-worker(9)] INFO  c.aceevo.ursus.core.UrsusApplication - handling unknown exception type returning 500: 
javax.ws.rs.NotFoundException: HTTP 404 Not Found
	at org.glassfish.jersey.server.ServerRuntime$1.run(ServerRuntime.java:255) ~[ursus-simple-rest-application-0.1-SNAPSHOT.jar:na]
	at org.glassfish.jersey.internal.Errors$1.call(Errors.java:271) [ursus-simple-rest-application-0.1-SNAPSHOT.jar:na]
	at org.glassfish.jersey.internal.Errors$1.call(Errors.java:267) [ursus-simple-rest-application-0.1-SNAPSHOT.jar:na]
	at org.glassfish.jersey.internal.Errors.process(Errors.java:315) [ursus-simple-rest-application-0.1-SNAPSHOT.jar:na]
	at org.glassfish.jersey.internal.Errors.process(Errors.java:297) [ursus-simple-rest-application-0.1-SNAPSHOT.jar:na]
	at org.glassfish.jersey.internal.Errors.process(Errors.java:267) [ursus-simple-rest-application-0.1-SNAPSHOT.jar:na]
	at org.glassfish.jersey.process.internal.RequestScope.runInScope(RequestScope.java:318) [ursus-simple-rest-application-0.1-SNAPSHOT.jar:na]
	at org.glassfish.jersey.server.ServerRuntime.process(ServerRuntime.java:236) [ursus-simple-rest-application-0.1-SNAPSHOT.jar:na]
	at org.glassfish.jersey.server.ApplicationHandler.handle(ApplicationHandler.java:1010) [ursus-simple-rest-application-0.1-SNAPSHOT.jar:na]
	at org.glassfish.jersey.grizzly2.httpserver.GrizzlyHttpContainer.service(GrizzlyHttpContainer.java:363) [ursus-simple-rest-application-0.1-SNAPSHOT.jar:na]
	at org.glassfish.grizzly.http.server.HttpHandler$1.run(HttpHandler.java:217) [ursus-simple-rest-application-0.1-SNAPSHOT.jar:na]
	at org.glassfish.grizzly.threadpool.AbstractThreadPool$Worker.doWork(AbstractThreadPool.java:565) [ursus-simple-rest-application-0.1-SNAPSHOT.jar:na]
	at org.glassfish.grizzly.threadpool.AbstractThreadPool$Worker.run(AbstractThreadPool.java:545) [ursus-simple-rest-application-0.1-SNAPSHOT.jar:na]
	at java.lang.Thread.run(Thread.java:744) [na:1.7.0_45]
19:19:43.120 [Grizzly-worker(10)] INFO  c.aceevo.ursus.core.UrsusApplication - handling unknown exception type returning 500: 
javax.ws.rs.NotFoundException: HTTP 404 Not Found
	at org.glassfish.jersey.server.ServerRuntime$1.run(ServerRuntime.java:255) ~[ursus-simple-rest-application-0.1-SNAPSHOT.jar:na]
	at org.glassfish.jersey.internal.Errors$1.call(Errors.java:271) [ursus-simple-rest-application-0.1-SNAPSHOT.jar:na]
	at org.glassfish.jersey.internal.Errors$1.call(Errors.java:267) [ursus-simple-rest-application-0.1-SNAPSHOT.jar:na]
	at org.glassfish.jersey.internal.Errors.process(Errors.java:315) [ursus-simple-rest-application-0.1-SNAPSHOT.jar:na]
	at org.glassfish.jersey.internal.Errors.process(Errors.java:297) [ursus-simple-rest-application-0.1-SNAPSHOT.jar:na]
	at org.glassfish.jersey.internal.Errors.process(Errors.java:267) [ursus-simple-rest-application-0.1-SNAPSHOT.jar:na]
	at org.glassfish.jersey.process.internal.RequestScope.runInScope(RequestScope.java:318) [ursus-simple-rest-application-0.1-SNAPSHOT.jar:na]
	at org.glassfish.jersey.server.ServerRuntime.process(ServerRuntime.java:236) [ursus-simple-rest-application-0.1-SNAPSHOT.jar:na]
	at org.glassfish.jersey.server.ApplicationHandler.handle(ApplicationHandler.java:1010) [ursus-simple-rest-application-0.1-SNAPSHOT.jar:na]
	at org.glassfish.jersey.grizzly2.httpserver.GrizzlyHttpContainer.service(GrizzlyHttpContainer.java:363) [ursus-simple-rest-application-0.1-SNAPSHOT.jar:na]
	at org.glassfish.grizzly.http.server.HttpHandler$1.run(HttpHandler.java:217) [ursus-simple-rest-application-0.1-SNAPSHOT.jar:na]
	at org.glassfish.grizzly.threadpool.AbstractThreadPool$Worker.doWork(AbstractThreadPool.java:565) [ursus-simple-rest-application-0.1-SNAPSHOT.jar:na]
	at org.glassfish.grizzly.threadpool.AbstractThreadPool$Worker.run(AbstractThreadPool.java:545) [ursus-simple-rest-application-0.1-SNAPSHOT.jar:na]
	at java.lang.Thread.run(Thread.java:744) [na:1.7.0_45]
19:19:46.318 [shutdownHook] INFO  c.aceevo.ursus.core.UrsusApplication - Stopping Grizzly HttpServer...
19:19:46.322 [shutdownHook] INFO  c.aceevo.ursus.core.UrsusApplication - Stopping all managed services...
19:20:03.467 [main] INFO  o.g.jersey.server.ApplicationHandler - Initiating Jersey application, version Jersey: 2.5 2013-12-18 14:27:29...
19:20:03.568 [main] WARN  o.g.jersey.internal.inject.Providers - A provider com.aceevo.ursus.example.api.EchoEndpointResource registered in SERVER runtime does not implement any provider interfaces applicable in the SERVER runtime. Due to constraint configuration problems the provider com.aceevo.ursus.example.api.EchoEndpointResource will be ignored. 
19:20:03.878 [main] INFO  c.aceevo.ursus.core.UrsusApplication - Starting all managed services...
19:20:04.400 [main] INFO  o.g.g.http.server.NetworkListener - Started listener bound to [localhost:8080]
19:20:04.404 [main] INFO  o.g.grizzly.http.server.HttpServer - [HttpServer] Started.
19:20:04.404 [main] INFO  c.aceevo.ursus.core.UrsusApplication - Press CTRL^C to exit..
19:20:05.821 [Grizzly-worker(1)] INFO  c.aceevo.ursus.core.UrsusApplication - handling unknown exception type returning 500: 
javax.ws.rs.NotFoundException: HTTP 404 Not Found
	at org.glassfish.jersey.server.ServerRuntime$1.run(ServerRuntime.java:255) ~[ursus-simple-rest-application-0.1-SNAPSHOT.jar:na]
	at org.glassfish.jersey.internal.Errors$1.call(Errors.java:271) [ursus-simple-rest-application-0.1-SNAPSHOT.jar:na]
	at org.glassfish.jersey.internal.Errors$1.call(Errors.java:267) [ursus-simple-rest-application-0.1-SNAPSHOT.jar:na]
	at org.glassfish.jersey.internal.Errors.process(Errors.java:315) [ursus-simple-rest-application-0.1-SNAPSHOT.jar:na]
	at org.glassfish.jersey.internal.Errors.process(Errors.java:297) [ursus-simple-rest-application-0.1-SNAPSHOT.jar:na]
	at org.glassfish.jersey.internal.Errors.process(Errors.java:267) [ursus-simple-rest-application-0.1-SNAPSHOT.jar:na]
	at org.glassfish.jersey.process.internal.RequestScope.runInScope(RequestScope.java:318) [ursus-simple-rest-application-0.1-SNAPSHOT.jar:na]
	at org.glassfish.jersey.server.ServerRuntime.process(ServerRuntime.java:236) [ursus-simple-rest-application-0.1-SNAPSHOT.jar:na]
	at org.glassfish.jersey.server.ApplicationHandler.handle(ApplicationHandler.java:1010) [ursus-simple-rest-application-0.1-SNAPSHOT.jar:na]
	at org.glassfish.jersey.grizzly2.httpserver.GrizzlyHttpContainer.service(GrizzlyHttpContainer.java:363) [ursus-simple-rest-application-0.1-SNAPSHOT.jar:na]
	at org.glassfish.grizzly.http.server.HttpHandler$1.run(HttpHandler.java:217) [ursus-simple-rest-application-0.1-SNAPSHOT.jar:na]
	at org.glassfish.grizzly.threadpool.AbstractThreadPool$Worker.doWork(AbstractThreadPool.java:565) [ursus-simple-rest-application-0.1-SNAPSHOT.jar:na]
	at org.glassfish.grizzly.threadpool.AbstractThreadPool$Worker.run(AbstractThreadPool.java:545) [ursus-simple-rest-application-0.1-SNAPSHOT.jar:na]
	at java.lang.Thread.run(Thread.java:744) [na:1.7.0_45]
19:20:05.876 [Grizzly-worker(2)] INFO  c.aceevo.ursus.core.UrsusApplication - handling unknown exception type returning 500: 
javax.ws.rs.NotFoundException: HTTP 404 Not Found
	at org.glassfish.jersey.server.ServerRuntime$1.run(ServerRuntime.java:255) ~[ursus-simple-rest-application-0.1-SNAPSHOT.jar:na]
	at org.glassfish.jersey.internal.Errors$1.call(Errors.java:271) [ursus-simple-rest-application-0.1-SNAPSHOT.jar:na]
	at org.glassfish.jersey.internal.Errors$1.call(Errors.java:267) [ursus-simple-rest-application-0.1-SNAPSHOT.jar:na]
	at org.glassfish.jersey.internal.Errors.process(Errors.java:315) [ursus-simple-rest-application-0.1-SNAPSHOT.jar:na]
	at org.glassfish.jersey.internal.Errors.process(Errors.java:297) [ursus-simple-rest-application-0.1-SNAPSHOT.jar:na]
	at org.glassfish.jersey.internal.Errors.process(Errors.java:267) [ursus-simple-rest-application-0.1-SNAPSHOT.jar:na]
	at org.glassfish.jersey.process.internal.RequestScope.runInScope(RequestScope.java:318) [ursus-simple-rest-application-0.1-SNAPSHOT.jar:na]
	at org.glassfish.jersey.server.ServerRuntime.process(ServerRuntime.java:236) [ursus-simple-rest-application-0.1-SNAPSHOT.jar:na]
	at org.glassfish.jersey.server.ApplicationHandler.handle(ApplicationHandler.java:1010) [ursus-simple-rest-application-0.1-SNAPSHOT.jar:na]
	at org.glassfish.jersey.grizzly2.httpserver.GrizzlyHttpContainer.service(GrizzlyHttpContainer.java:363) [ursus-simple-rest-application-0.1-SNAPSHOT.jar:na]
	at org.glassfish.grizzly.http.server.HttpHandler$1.run(HttpHandler.java:217) [ursus-simple-rest-application-0.1-SNAPSHOT.jar:na]
	at org.glassfish.grizzly.threadpool.AbstractThreadPool$Worker.doWork(AbstractThreadPool.java:565) [ursus-simple-rest-application-0.1-SNAPSHOT.jar:na]
	at org.glassfish.grizzly.threadpool.AbstractThreadPool$Worker.run(AbstractThreadPool.java:545) [ursus-simple-rest-application-0.1-SNAPSHOT.jar:na]
	at java.lang.Thread.run(Thread.java:744) [na:1.7.0_45]
19:20:06.493 [Grizzly-worker(3)] INFO  c.aceevo.ursus.core.UrsusApplication - handling unknown exception type returning 500: 
javax.ws.rs.NotFoundException: HTTP 404 Not Found
	at org.glassfish.jersey.server.ServerRuntime$1.run(ServerRuntime.java:255) ~[ursus-simple-rest-application-0.1-SNAPSHOT.jar:na]
	at org.glassfish.jersey.internal.Errors$1.call(Errors.java:271) [ursus-simple-rest-application-0.1-SNAPSHOT.jar:na]
	at org.glassfish.jersey.internal.Errors$1.call(Errors.java:267) [ursus-simple-rest-application-0.1-SNAPSHOT.jar:na]
	at org.glassfish.jersey.internal.Errors.process(Errors.java:315) [ursus-simple-rest-application-0.1-SNAPSHOT.jar:na]
	at org.glassfish.jersey.internal.Errors.process(Errors.java:297) [ursus-simple-rest-application-0.1-SNAPSHOT.jar:na]
	at org.glassfish.jersey.internal.Errors.process(Errors.java:267) [ursus-simple-rest-application-0.1-SNAPSHOT.jar:na]
	at org.glassfish.jersey.process.internal.RequestScope.runInScope(RequestScope.java:318) [ursus-simple-rest-application-0.1-SNAPSHOT.jar:na]
	at org.glassfish.jersey.server.ServerRuntime.process(ServerRuntime.java:236) [ursus-simple-rest-application-0.1-SNAPSHOT.jar:na]
	at org.glassfish.jersey.server.ApplicationHandler.handle(ApplicationHandler.java:1010) [ursus-simple-rest-application-0.1-SNAPSHOT.jar:na]
	at org.glassfish.jersey.grizzly2.httpserver.GrizzlyHttpContainer.service(GrizzlyHttpContainer.java:363) [ursus-simple-rest-application-0.1-SNAPSHOT.jar:na]
	at org.glassfish.grizzly.http.server.HttpHandler$1.run(HttpHandler.java:217) [ursus-simple-rest-application-0.1-SNAPSHOT.jar:na]
	at org.glassfish.grizzly.threadpool.AbstractThreadPool$Worker.doWork(AbstractThreadPool.java:565) [ursus-simple-rest-application-0.1-SNAPSHOT.jar:na]
	at org.glassfish.grizzly.threadpool.AbstractThreadPool$Worker.run(AbstractThreadPool.java:545) [ursus-simple-rest-application-0.1-SNAPSHOT.jar:na]
	at java.lang.Thread.run(Thread.java:744) [na:1.7.0_45]
19:20:06.526 [Grizzly-worker(4)] INFO  c.aceevo.ursus.core.UrsusApplication - handling unknown exception type returning 500: 
javax.ws.rs.NotFoundException: HTTP 404 Not Found
	at org.glassfish.jersey.server.ServerRuntime$1.run(ServerRuntime.java:255) ~[ursus-simple-rest-application-0.1-SNAPSHOT.jar:na]
	at org.glassfish.jersey.internal.Errors$1.call(Errors.java:271) [ursus-simple-rest-application-0.1-SNAPSHOT.jar:na]
	at org.glassfish.jersey.internal.Errors$1.call(Errors.java:267) [ursus-simple-rest-application-0.1-SNAPSHOT.jar:na]
	at org.glassfish.jersey.internal.Errors.process(Errors.java:315) [ursus-simple-rest-application-0.1-SNAPSHOT.jar:na]
	at org.glassfish.jersey.internal.Errors.process(Errors.java:297) [ursus-simple-rest-application-0.1-SNAPSHOT.jar:na]
	at org.glassfish.jersey.internal.Errors.process(Errors.java:267) [ursus-simple-rest-application-0.1-SNAPSHOT.jar:na]
	at org.glassfish.jersey.process.internal.RequestScope.runInScope(RequestScope.java:318) [ursus-simple-rest-application-0.1-SNAPSHOT.jar:na]
	at org.glassfish.jersey.server.ServerRuntime.process(ServerRuntime.java:236) [ursus-simple-rest-application-0.1-SNAPSHOT.jar:na]
	at org.glassfish.jersey.server.ApplicationHandler.handle(ApplicationHandler.java:1010) [ursus-simple-rest-application-0.1-SNAPSHOT.jar:na]
	at org.glassfish.jersey.grizzly2.httpserver.GrizzlyHttpContainer.service(GrizzlyHttpContainer.java:363) [ursus-simple-rest-application-0.1-SNAPSHOT.jar:na]
	at org.glassfish.grizzly.http.server.HttpHandler$1.run(HttpHandler.java:217) [ursus-simple-rest-application-0.1-SNAPSHOT.jar:na]
	at org.glassfish.grizzly.threadpool.AbstractThreadPool$Worker.doWork(AbstractThreadPool.java:565) [ursus-simple-rest-application-0.1-SNAPSHOT.jar:na]
	at org.glassfish.grizzly.threadpool.AbstractThreadPool$Worker.run(AbstractThreadPool.java:545) [ursus-simple-rest-application-0.1-SNAPSHOT.jar:na]
	at java.lang.Thread.run(Thread.java:744) [na:1.7.0_45]
19:20:06.790 [Grizzly-worker(5)] INFO  c.aceevo.ursus.core.UrsusApplication - handling unknown exception type returning 500: 
javax.ws.rs.NotFoundException: HTTP 404 Not Found
	at org.glassfish.jersey.server.ServerRuntime$1.run(ServerRuntime.java:255) ~[ursus-simple-rest-application-0.1-SNAPSHOT.jar:na]
	at org.glassfish.jersey.internal.Errors$1.call(Errors.java:271) [ursus-simple-rest-application-0.1-SNAPSHOT.jar:na]
	at org.glassfish.jersey.internal.Errors$1.call(Errors.java:267) [ursus-simple-rest-application-0.1-SNAPSHOT.jar:na]
	at org.glassfish.jersey.internal.Errors.process(Errors.java:315) [ursus-simple-rest-application-0.1-SNAPSHOT.jar:na]
	at org.glassfish.jersey.internal.Errors.process(Errors.java:297) [ursus-simple-rest-application-0.1-SNAPSHOT.jar:na]
	at org.glassfish.jersey.internal.Errors.process(Errors.java:267) [ursus-simple-rest-application-0.1-SNAPSHOT.jar:na]
	at org.glassfish.jersey.process.internal.RequestScope.runInScope(RequestScope.java:318) [ursus-simple-rest-application-0.1-SNAPSHOT.jar:na]
	at org.glassfish.jersey.server.ServerRuntime.process(ServerRuntime.java:236) [ursus-simple-rest-application-0.1-SNAPSHOT.jar:na]
	at org.glassfish.jersey.server.ApplicationHandler.handle(ApplicationHandler.java:1010) [ursus-simple-rest-application-0.1-SNAPSHOT.jar:na]
	at org.glassfish.jersey.grizzly2.httpserver.GrizzlyHttpContainer.service(GrizzlyHttpContainer.java:363) [ursus-simple-rest-application-0.1-SNAPSHOT.jar:na]
	at org.glassfish.grizzly.http.server.HttpHandler$1.run(HttpHandler.java:217) [ursus-simple-rest-application-0.1-SNAPSHOT.jar:na]
	at org.glassfish.grizzly.threadpool.AbstractThreadPool$Worker.doWork(AbstractThreadPool.java:565) [ursus-simple-rest-application-0.1-SNAPSHOT.jar:na]
	at org.glassfish.grizzly.threadpool.AbstractThreadPool$Worker.run(AbstractThreadPool.java:545) [ursus-simple-rest-application-0.1-SNAPSHOT.jar:na]
	at java.lang.Thread.run(Thread.java:744) [na:1.7.0_45]
19:20:06.843 [Grizzly-worker(6)] INFO  c.aceevo.ursus.core.UrsusApplication - handling unknown exception type returning 500: 
javax.ws.rs.NotFoundException: HTTP 404 Not Found
	at org.glassfish.jersey.server.ServerRuntime$1.run(ServerRuntime.java:255) ~[ursus-simple-rest-application-0.1-SNAPSHOT.jar:na]
	at org.glassfish.jersey.internal.Errors$1.call(Errors.java:271) [ursus-simple-rest-application-0.1-SNAPSHOT.jar:na]
	at org.glassfish.jersey.internal.Errors$1.call(Errors.java:267) [ursus-simple-rest-application-0.1-SNAPSHOT.jar:na]
	at org.glassfish.jersey.internal.Errors.process(Errors.java:315) [ursus-simple-rest-application-0.1-SNAPSHOT.jar:na]
	at org.glassfish.jersey.internal.Errors.process(Errors.java:297) [ursus-simple-rest-application-0.1-SNAPSHOT.jar:na]
	at org.glassfish.jersey.internal.Errors.process(Errors.java:267) [ursus-simple-rest-application-0.1-SNAPSHOT.jar:na]
	at org.glassfish.jersey.process.internal.RequestScope.runInScope(RequestScope.java:318) [ursus-simple-rest-application-0.1-SNAPSHOT.jar:na]
	at org.glassfish.jersey.server.ServerRuntime.process(ServerRuntime.java:236) [ursus-simple-rest-application-0.1-SNAPSHOT.jar:na]
	at org.glassfish.jersey.server.ApplicationHandler.handle(ApplicationHandler.java:1010) [ursus-simple-rest-application-0.1-SNAPSHOT.jar:na]
	at org.glassfish.jersey.grizzly2.httpserver.GrizzlyHttpContainer.service(GrizzlyHttpContainer.java:363) [ursus-simple-rest-application-0.1-SNAPSHOT.jar:na]
	at org.glassfish.grizzly.http.server.HttpHandler$1.run(HttpHandler.java:217) [ursus-simple-rest-application-0.1-SNAPSHOT.jar:na]
	at org.glassfish.grizzly.threadpool.AbstractThreadPool$Worker.doWork(AbstractThreadPool.java:565) [ursus-simple-rest-application-0.1-SNAPSHOT.jar:na]
	at org.glassfish.grizzly.threadpool.AbstractThreadPool$Worker.run(AbstractThreadPool.java:545) [ursus-simple-rest-application-0.1-SNAPSHOT.jar:na]
	at java.lang.Thread.run(Thread.java:744) [na:1.7.0_45]
19:20:06.997 [Grizzly-worker(7)] INFO  c.aceevo.ursus.core.UrsusApplication - handling unknown exception type returning 500: 
javax.ws.rs.NotFoundException: HTTP 404 Not Found
	at org.glassfish.jersey.server.ServerRuntime$1.run(ServerRuntime.java:255) ~[ursus-simple-rest-application-0.1-SNAPSHOT.jar:na]
	at org.glassfish.jersey.internal.Errors$1.call(Errors.java:271) [ursus-simple-rest-application-0.1-SNAPSHOT.jar:na]
	at org.glassfish.jersey.internal.Errors$1.call(Errors.java:267) [ursus-simple-rest-application-0.1-SNAPSHOT.jar:na]
	at org.glassfish.jersey.internal.Errors.process(Errors.java:315) [ursus-simple-rest-application-0.1-SNAPSHOT.jar:na]
	at org.glassfish.jersey.internal.Errors.process(Errors.java:297) [ursus-simple-rest-application-0.1-SNAPSHOT.jar:na]
	at org.glassfish.jersey.internal.Errors.process(Errors.java:267) [ursus-simple-rest-application-0.1-SNAPSHOT.jar:na]
	at org.glassfish.jersey.process.internal.RequestScope.runInScope(RequestScope.java:318) [ursus-simple-rest-application-0.1-SNAPSHOT.jar:na]
	at org.glassfish.jersey.server.ServerRuntime.process(ServerRuntime.java:236) [ursus-simple-rest-application-0.1-SNAPSHOT.jar:na]
	at org.glassfish.jersey.server.ApplicationHandler.handle(ApplicationHandler.java:1010) [ursus-simple-rest-application-0.1-SNAPSHOT.jar:na]
	at org.glassfish.jersey.grizzly2.httpserver.GrizzlyHttpContainer.service(GrizzlyHttpContainer.java:363) [ursus-simple-rest-application-0.1-SNAPSHOT.jar:na]
	at org.glassfish.grizzly.http.server.HttpHandler$1.run(HttpHandler.java:217) [ursus-simple-rest-application-0.1-SNAPSHOT.jar:na]
	at org.glassfish.grizzly.threadpool.AbstractThreadPool$Worker.doWork(AbstractThreadPool.java:565) [ursus-simple-rest-application-0.1-SNAPSHOT.jar:na]
	at org.glassfish.grizzly.threadpool.AbstractThreadPool$Worker.run(AbstractThreadPool.java:545) [ursus-simple-rest-application-0.1-SNAPSHOT.jar:na]
	at java.lang.Thread.run(Thread.java:744) [na:1.7.0_45]
19:20:07.027 [Grizzly-worker(8)] INFO  c.aceevo.ursus.core.UrsusApplication - handling unknown exception type returning 500: 
javax.ws.rs.NotFoundException: HTTP 404 Not Found
	at org.glassfish.jersey.server.ServerRuntime$1.run(ServerRuntime.java:255) ~[ursus-simple-rest-application-0.1-SNAPSHOT.jar:na]
	at org.glassfish.jersey.internal.Errors$1.call(Errors.java:271) [ursus-simple-rest-application-0.1-SNAPSHOT.jar:na]
	at org.glassfish.jersey.internal.Errors$1.call(Errors.java:267) [ursus-simple-rest-application-0.1-SNAPSHOT.jar:na]
	at org.glassfish.jersey.internal.Errors.process(Errors.java:315) [ursus-simple-rest-application-0.1-SNAPSHOT.jar:na]
	at org.glassfish.jersey.internal.Errors.process(Errors.java:297) [ursus-simple-rest-application-0.1-SNAPSHOT.jar:na]
	at org.glassfish.jersey.internal.Errors.process(Errors.java:267) [ursus-simple-rest-application-0.1-SNAPSHOT.jar:na]
	at org.glassfish.jersey.process.internal.RequestScope.runInScope(RequestScope.java:318) [ursus-simple-rest-application-0.1-SNAPSHOT.jar:na]
	at org.glassfish.jersey.server.ServerRuntime.process(ServerRuntime.java:236) [ursus-simple-rest-application-0.1-SNAPSHOT.jar:na]
	at org.glassfish.jersey.server.ApplicationHandler.handle(ApplicationHandler.java:1010) [ursus-simple-rest-application-0.1-SNAPSHOT.jar:na]
	at org.glassfish.jersey.grizzly2.httpserver.GrizzlyHttpContainer.service(GrizzlyHttpContainer.java:363) [ursus-simple-rest-application-0.1-SNAPSHOT.jar:na]
	at org.glassfish.grizzly.http.server.HttpHandler$1.run(HttpHandler.java:217) [ursus-simple-rest-application-0.1-SNAPSHOT.jar:na]
	at org.glassfish.grizzly.threadpool.AbstractThreadPool$Worker.doWork(AbstractThreadPool.java:565) [ursus-simple-rest-application-0.1-SNAPSHOT.jar:na]
	at org.glassfish.grizzly.threadpool.AbstractThreadPool$Worker.run(AbstractThreadPool.java:545) [ursus-simple-rest-application-0.1-SNAPSHOT.jar:na]
	at java.lang.Thread.run(Thread.java:744) [na:1.7.0_45]
19:20:07.147 [Grizzly-worker(9)] INFO  c.aceevo.ursus.core.UrsusApplication - handling unknown exception type returning 500: 
javax.ws.rs.NotFoundException: HTTP 404 Not Found
	at org.glassfish.jersey.server.ServerRuntime$1.run(ServerRuntime.java:255) ~[ursus-simple-rest-application-0.1-SNAPSHOT.jar:na]
	at org.glassfish.jersey.internal.Errors$1.call(Errors.java:271) [ursus-simple-rest-application-0.1-SNAPSHOT.jar:na]
	at org.glassfish.jersey.internal.Errors$1.call(Errors.java:267) [ursus-simple-rest-application-0.1-SNAPSHOT.jar:na]
	at org.glassfish.jersey.internal.Errors.process(Errors.java:315) [ursus-simple-rest-application-0.1-SNAPSHOT.jar:na]
	at org.glassfish.jersey.internal.Errors.process(Errors.java:297) [ursus-simple-rest-application-0.1-SNAPSHOT.jar:na]
	at org.glassfish.jersey.internal.Errors.process(Errors.java:267) [ursus-simple-rest-application-0.1-SNAPSHOT.jar:na]
	at org.glassfish.jersey.process.internal.RequestScope.runInScope(RequestScope.java:318) [ursus-simple-rest-application-0.1-SNAPSHOT.jar:na]
	at org.glassfish.jersey.server.ServerRuntime.process(ServerRuntime.java:236) [ursus-simple-rest-application-0.1-SNAPSHOT.jar:na]
	at org.glassfish.jersey.server.ApplicationHandler.handle(ApplicationHandler.java:1010) [ursus-simple-rest-application-0.1-SNAPSHOT.jar:na]
	at org.glassfish.jersey.grizzly2.httpserver.GrizzlyHttpContainer.service(GrizzlyHttpContainer.java:363) [ursus-simple-rest-application-0.1-SNAPSHOT.jar:na]
	at org.glassfish.grizzly.http.server.HttpHandler$1.run(HttpHandler.java:217) [ursus-simple-rest-application-0.1-SNAPSHOT.jar:na]
	at org.glassfish.grizzly.threadpool.AbstractThreadPool$Worker.doWork(AbstractThreadPool.java:565) [ursus-simple-rest-application-0.1-SNAPSHOT.jar:na]
	at org.glassfish.grizzly.threadpool.AbstractThreadPool$Worker.run(AbstractThreadPool.java:545) [ursus-simple-rest-application-0.1-SNAPSHOT.jar:na]
	at java.lang.Thread.run(Thread.java:744) [na:1.7.0_45]
19:20:07.176 [Grizzly-worker(10)] INFO  c.aceevo.ursus.core.UrsusApplication - handling unknown exception type returning 500: 
javax.ws.rs.NotFoundException: HTTP 404 Not Found
	at org.glassfish.jersey.server.ServerRuntime$1.run(ServerRuntime.java:255) ~[ursus-simple-rest-application-0.1-SNAPSHOT.jar:na]
	at org.glassfish.jersey.internal.Errors$1.call(Errors.java:271) [ursus-simple-rest-application-0.1-SNAPSHOT.jar:na]
	at org.glassfish.jersey.internal.Errors$1.call(Errors.java:267) [ursus-simple-rest-application-0.1-SNAPSHOT.jar:na]
	at org.glassfish.jersey.internal.Errors.process(Errors.java:315) [ursus-simple-rest-application-0.1-SNAPSHOT.jar:na]
	at org.glassfish.jersey.internal.Errors.process(Errors.java:297) [ursus-simple-rest-application-0.1-SNAPSHOT.jar:na]
	at org.glassfish.jersey.internal.Errors.process(Errors.java:267) [ursus-simple-rest-application-0.1-SNAPSHOT.jar:na]
	at org.glassfish.jersey.process.internal.RequestScope.runInScope(RequestScope.java:318) [ursus-simple-rest-application-0.1-SNAPSHOT.jar:na]
	at org.glassfish.jersey.server.ServerRuntime.process(ServerRuntime.java:236) [ursus-simple-rest-application-0.1-SNAPSHOT.jar:na]
	at org.glassfish.jersey.server.ApplicationHandler.handle(ApplicationHandler.java:1010) [ursus-simple-rest-application-0.1-SNAPSHOT.jar:na]
	at org.glassfish.jersey.grizzly2.httpserver.GrizzlyHttpContainer.service(GrizzlyHttpContainer.java:363) [ursus-simple-rest-application-0.1-SNAPSHOT.jar:na]
	at org.glassfish.grizzly.http.server.HttpHandler$1.run(HttpHandler.java:217) [ursus-simple-rest-application-0.1-SNAPSHOT.jar:na]
	at org.glassfish.grizzly.threadpool.AbstractThreadPool$Worker.doWork(AbstractThreadPool.java:565) [ursus-simple-rest-application-0.1-SNAPSHOT.jar:na]
	at org.glassfish.grizzly.threadpool.AbstractThreadPool$Worker.run(AbstractThreadPool.java:545) [ursus-simple-rest-application-0.1-SNAPSHOT.jar:na]
	at java.lang.Thread.run(Thread.java:744) [na:1.7.0_45]
19:20:07.324 [Grizzly-worker(11)] INFO  c.aceevo.ursus.core.UrsusApplication - handling unknown exception type returning 500: 
javax.ws.rs.NotFoundException: HTTP 404 Not Found
	at org.glassfish.jersey.server.ServerRuntime$1.run(ServerRuntime.java:255) ~[ursus-simple-rest-application-0.1-SNAPSHOT.jar:na]
	at org.glassfish.jersey.internal.Errors$1.call(Errors.java:271) [ursus-simple-rest-application-0.1-SNAPSHOT.jar:na]
	at org.glassfish.jersey.internal.Errors$1.call(Errors.java:267) [ursus-simple-rest-application-0.1-SNAPSHOT.jar:na]
	at org.glassfish.jersey.internal.Errors.process(Errors.java:315) [ursus-simple-rest-application-0.1-SNAPSHOT.jar:na]
	at org.glassfish.jersey.internal.Errors.process(Errors.java:297) [ursus-simple-rest-application-0.1-SNAPSHOT.jar:na]
	at org.glassfish.jersey.internal.Errors.process(Errors.java:267) [ursus-simple-rest-application-0.1-SNAPSHOT.jar:na]
	at org.glassfish.jersey.process.internal.RequestScope.runInScope(RequestScope.java:318) [ursus-simple-rest-application-0.1-SNAPSHOT.jar:na]
	at org.glassfish.jersey.server.ServerRuntime.process(ServerRuntime.java:236) [ursus-simple-rest-application-0.1-SNAPSHOT.jar:na]
	at org.glassfish.jersey.server.ApplicationHandler.handle(ApplicationHandler.java:1010) [ursus-simple-rest-application-0.1-SNAPSHOT.jar:na]
	at org.glassfish.jersey.grizzly2.httpserver.GrizzlyHttpContainer.service(GrizzlyHttpContainer.java:363) [ursus-simple-rest-application-0.1-SNAPSHOT.jar:na]
	at org.glassfish.grizzly.http.server.HttpHandler$1.run(HttpHandler.java:217) [ursus-simple-rest-application-0.1-SNAPSHOT.jar:na]
	at org.glassfish.grizzly.threadpool.AbstractThreadPool$Worker.doWork(AbstractThreadPool.java:565) [ursus-simple-rest-application-0.1-SNAPSHOT.jar:na]
	at org.glassfish.grizzly.threadpool.AbstractThreadPool$Worker.run(AbstractThreadPool.java:545) [ursus-simple-rest-application-0.1-SNAPSHOT.jar:na]
	at java.lang.Thread.run(Thread.java:744) [na:1.7.0_45]
19:20:07.355 [Grizzly-worker(12)] INFO  c.aceevo.ursus.core.UrsusApplication - handling unknown exception type returning 500: 
javax.ws.rs.NotFoundException: HTTP 404 Not Found
	at org.glassfish.jersey.server.ServerRuntime$1.run(ServerRuntime.java:255) ~[ursus-simple-rest-application-0.1-SNAPSHOT.jar:na]
	at org.glassfish.jersey.internal.Errors$1.call(Errors.java:271) [ursus-simple-rest-application-0.1-SNAPSHOT.jar:na]
	at org.glassfish.jersey.internal.Errors$1.call(Errors.java:267) [ursus-simple-rest-application-0.1-SNAPSHOT.jar:na]
	at org.glassfish.jersey.internal.Errors.process(Errors.java:315) [ursus-simple-rest-application-0.1-SNAPSHOT.jar:na]
	at org.glassfish.jersey.internal.Errors.process(Errors.java:297) [ursus-simple-rest-application-0.1-SNAPSHOT.jar:na]
	at org.glassfish.jersey.internal.Errors.process(Errors.java:267) [ursus-simple-rest-application-0.1-SNAPSHOT.jar:na]
	at org.glassfish.jersey.process.internal.RequestScope.runInScope(RequestScope.java:318) [ursus-simple-rest-application-0.1-SNAPSHOT.jar:na]
	at org.glassfish.jersey.server.ServerRuntime.process(ServerRuntime.java:236) [ursus-simple-rest-application-0.1-SNAPSHOT.jar:na]
	at org.glassfish.jersey.server.ApplicationHandler.handle(ApplicationHandler.java:1010) [ursus-simple-rest-application-0.1-SNAPSHOT.jar:na]
	at org.glassfish.jersey.grizzly2.httpserver.GrizzlyHttpContainer.service(GrizzlyHttpContainer.java:363) [ursus-simple-rest-application-0.1-SNAPSHOT.jar:na]
	at org.glassfish.grizzly.http.server.HttpHandler$1.run(HttpHandler.java:217) [ursus-simple-rest-application-0.1-SNAPSHOT.jar:na]
	at org.glassfish.grizzly.threadpool.AbstractThreadPool$Worker.doWork(AbstractThreadPool.java:565) [ursus-simple-rest-application-0.1-SNAPSHOT.jar:na]
	at org.glassfish.grizzly.threadpool.AbstractThreadPool$Worker.run(AbstractThreadPool.java:545) [ursus-simple-rest-application-0.1-SNAPSHOT.jar:na]
	at java.lang.Thread.run(Thread.java:744) [na:1.7.0_45]
19:20:07.486 [Grizzly-worker(13)] INFO  c.aceevo.ursus.core.UrsusApplication - handling unknown exception type returning 500: 
javax.ws.rs.NotFoundException: HTTP 404 Not Found
	at org.glassfish.jersey.server.ServerRuntime$1.run(ServerRuntime.java:255) ~[ursus-simple-rest-application-0.1-SNAPSHOT.jar:na]
	at org.glassfish.jersey.internal.Errors$1.call(Errors.java:271) [ursus-simple-rest-application-0.1-SNAPSHOT.jar:na]
	at org.glassfish.jersey.internal.Errors$1.call(Errors.java:267) [ursus-simple-rest-application-0.1-SNAPSHOT.jar:na]
	at org.glassfish.jersey.internal.Errors.process(Errors.java:315) [ursus-simple-rest-application-0.1-SNAPSHOT.jar:na]
	at org.glassfish.jersey.internal.Errors.process(Errors.java:297) [ursus-simple-rest-application-0.1-SNAPSHOT.jar:na]
	at org.glassfish.jersey.internal.Errors.process(Errors.java:267) [ursus-simple-rest-application-0.1-SNAPSHOT.jar:na]
	at org.glassfish.jersey.process.internal.RequestScope.runInScope(RequestScope.java:318) [ursus-simple-rest-application-0.1-SNAPSHOT.jar:na]
	at org.glassfish.jersey.server.ServerRuntime.process(ServerRuntime.java:236) [ursus-simple-rest-application-0.1-SNAPSHOT.jar:na]
	at org.glassfish.jersey.server.ApplicationHandler.handle(ApplicationHandler.java:1010) [ursus-simple-rest-application-0.1-SNAPSHOT.jar:na]
	at org.glassfish.jersey.grizzly2.httpserver.GrizzlyHttpContainer.service(GrizzlyHttpContainer.java:363) [ursus-simple-rest-application-0.1-SNAPSHOT.jar:na]
	at org.glassfish.grizzly.http.server.HttpHandler$1.run(HttpHandler.java:217) [ursus-simple-rest-application-0.1-SNAPSHOT.jar:na]
	at org.glassfish.grizzly.threadpool.AbstractThreadPool$Worker.doWork(AbstractThreadPool.java:565) [ursus-simple-rest-application-0.1-SNAPSHOT.jar:na]
	at org.glassfish.grizzly.threadpool.AbstractThreadPool$Worker.run(AbstractThreadPool.java:545) [ursus-simple-rest-application-0.1-SNAPSHOT.jar:na]
	at java.lang.Thread.run(Thread.java:744) [na:1.7.0_45]
19:20:07.517 [Grizzly-worker(14)] INFO  c.aceevo.ursus.core.UrsusApplication - handling unknown exception type returning 500: 
javax.ws.rs.NotFoundException: HTTP 404 Not Found
	at org.glassfish.jersey.server.ServerRuntime$1.run(ServerRuntime.java:255) ~[ursus-simple-rest-application-0.1-SNAPSHOT.jar:na]
	at org.glassfish.jersey.internal.Errors$1.call(Errors.java:271) [ursus-simple-rest-application-0.1-SNAPSHOT.jar:na]
	at org.glassfish.jersey.internal.Errors$1.call(Errors.java:267) [ursus-simple-rest-application-0.1-SNAPSHOT.jar:na]
	at org.glassfish.jersey.internal.Errors.process(Errors.java:315) [ursus-simple-rest-application-0.1-SNAPSHOT.jar:na]
	at org.glassfish.jersey.internal.Errors.process(Errors.java:297) [ursus-simple-rest-application-0.1-SNAPSHOT.jar:na]
	at org.glassfish.jersey.internal.Errors.process(Errors.java:267) [ursus-simple-rest-application-0.1-SNAPSHOT.jar:na]
	at org.glassfish.jersey.process.internal.RequestScope.runInScope(RequestScope.java:318) [ursus-simple-rest-application-0.1-SNAPSHOT.jar:na]
	at org.glassfish.jersey.server.ServerRuntime.process(ServerRuntime.java:236) [ursus-simple-rest-application-0.1-SNAPSHOT.jar:na]
	at org.glassfish.jersey.server.ApplicationHandler.handle(ApplicationHandler.java:1010) [ursus-simple-rest-application-0.1-SNAPSHOT.jar:na]
	at org.glassfish.jersey.grizzly2.httpserver.GrizzlyHttpContainer.service(GrizzlyHttpContainer.java:363) [ursus-simple-rest-application-0.1-SNAPSHOT.jar:na]
	at org.glassfish.grizzly.http.server.HttpHandler$1.run(HttpHandler.java:217) [ursus-simple-rest-application-0.1-SNAPSHOT.jar:na]
	at org.glassfish.grizzly.threadpool.AbstractThreadPool$Worker.doWork(AbstractThreadPool.java:565) [ursus-simple-rest-application-0.1-SNAPSHOT.jar:na]
	at org.glassfish.grizzly.threadpool.AbstractThreadPool$Worker.run(AbstractThreadPool.java:545) [ursus-simple-rest-application-0.1-SNAPSHOT.jar:na]
	at java.lang.Thread.run(Thread.java:744) [na:1.7.0_45]
19:20:24.587 [Grizzly-worker(16)] INFO  c.aceevo.ursus.core.UrsusApplication - handling unknown exception type returning 500: 
javax.ws.rs.NotFoundException: HTTP 404 Not Found
	at org.glassfish.jersey.server.ServerRuntime$1.run(ServerRuntime.java:255) ~[ursus-simple-rest-application-0.1-SNAPSHOT.jar:na]
	at org.glassfish.jersey.internal.Errors$1.call(Errors.java:271) [ursus-simple-rest-application-0.1-SNAPSHOT.jar:na]
	at org.glassfish.jersey.internal.Errors$1.call(Errors.java:267) [ursus-simple-rest-application-0.1-SNAPSHOT.jar:na]
	at org.glassfish.jersey.internal.Errors.process(Errors.java:315) [ursus-simple-rest-application-0.1-SNAPSHOT.jar:na]
	at org.glassfish.jersey.internal.Errors.process(Errors.java:297) [ursus-simple-rest-application-0.1-SNAPSHOT.jar:na]
	at org.glassfish.jersey.internal.Errors.process(Errors.java:267) [ursus-simple-rest-application-0.1-SNAPSHOT.jar:na]
	at org.glassfish.jersey.process.internal.RequestScope.runInScope(RequestScope.java:318) [ursus-simple-rest-application-0.1-SNAPSHOT.jar:na]
	at org.glassfish.jersey.server.ServerRuntime.process(ServerRuntime.java:236) [ursus-simple-rest-application-0.1-SNAPSHOT.jar:na]
	at org.glassfish.jersey.server.ApplicationHandler.handle(ApplicationHandler.java:1010) [ursus-simple-rest-application-0.1-SNAPSHOT.jar:na]
	at org.glassfish.jersey.grizzly2.httpserver.GrizzlyHttpContainer.service(GrizzlyHttpContainer.java:363) [ursus-simple-rest-application-0.1-SNAPSHOT.jar:na]
	at org.glassfish.grizzly.http.server.HttpHandler$1.run(HttpHandler.java:217) [ursus-simple-rest-application-0.1-SNAPSHOT.jar:na]
	at org.glassfish.grizzly.threadpool.AbstractThreadPool$Worker.doWork(AbstractThreadPool.java:565) [ursus-simple-rest-application-0.1-SNAPSHOT.jar:na]
	at org.glassfish.grizzly.threadpool.AbstractThreadPool$Worker.run(AbstractThreadPool.java:545) [ursus-simple-rest-application-0.1-SNAPSHOT.jar:na]
	at java.lang.Thread.run(Thread.java:744) [na:1.7.0_45]
19:20:31.889 [Grizzly-worker(2)] INFO  c.aceevo.ursus.core.UrsusApplication - handling unknown exception type returning 500: 
javax.ws.rs.NotFoundException: HTTP 404 Not Found
	at org.glassfish.jersey.server.ServerRuntime$1.run(ServerRuntime.java:255) ~[ursus-simple-rest-application-0.1-SNAPSHOT.jar:na]
	at org.glassfish.jersey.internal.Errors$1.call(Errors.java:271) [ursus-simple-rest-application-0.1-SNAPSHOT.jar:na]
	at org.glassfish.jersey.internal.Errors$1.call(Errors.java:267) [ursus-simple-rest-application-0.1-SNAPSHOT.jar:na]
	at org.glassfish.jersey.internal.Errors.process(Errors.java:315) [ursus-simple-rest-application-0.1-SNAPSHOT.jar:na]
	at org.glassfish.jersey.internal.Errors.process(Errors.java:297) [ursus-simple-rest-application-0.1-SNAPSHOT.jar:na]
	at org.glassfish.jersey.internal.Errors.process(Errors.java:267) [ursus-simple-rest-application-0.1-SNAPSHOT.jar:na]
	at org.glassfish.jersey.process.internal.RequestScope.runInScope(RequestScope.java:318) [ursus-simple-rest-application-0.1-SNAPSHOT.jar:na]
	at org.glassfish.jersey.server.ServerRuntime.process(ServerRuntime.java:236) [ursus-simple-rest-application-0.1-SNAPSHOT.jar:na]
	at org.glassfish.jersey.server.ApplicationHandler.handle(ApplicationHandler.java:1010) [ursus-simple-rest-application-0.1-SNAPSHOT.jar:na]
	at org.glassfish.jersey.grizzly2.httpserver.GrizzlyHttpContainer.service(GrizzlyHttpContainer.java:363) [ursus-simple-rest-application-0.1-SNAPSHOT.jar:na]
	at org.glassfish.grizzly.http.server.HttpHandler$1.run(HttpHandler.java:217) [ursus-simple-rest-application-0.1-SNAPSHOT.jar:na]
	at org.glassfish.grizzly.threadpool.AbstractThreadPool$Worker.doWork(AbstractThreadPool.java:565) [ursus-simple-rest-application-0.1-SNAPSHOT.jar:na]
	at org.glassfish.grizzly.threadpool.AbstractThreadPool$Worker.run(AbstractThreadPool.java:545) [ursus-simple-rest-application-0.1-SNAPSHOT.jar:na]
	at java.lang.Thread.run(Thread.java:744) [na:1.7.0_45]
19:21:28.507 [Grizzly-worker(6)] INFO  c.aceevo.ursus.core.UrsusApplication - handling unknown exception type returning 500: 
javax.ws.rs.NotFoundException: HTTP 404 Not Found
	at org.glassfish.jersey.server.ServerRuntime$1.run(ServerRuntime.java:255) ~[ursus-simple-rest-application-0.1-SNAPSHOT.jar:na]
	at org.glassfish.jersey.internal.Errors$1.call(Errors.java:271) [ursus-simple-rest-application-0.1-SNAPSHOT.jar:na]
	at org.glassfish.jersey.internal.Errors$1.call(Errors.java:267) [ursus-simple-rest-application-0.1-SNAPSHOT.jar:na]
	at org.glassfish.jersey.internal.Errors.process(Errors.java:315) [ursus-simple-rest-application-0.1-SNAPSHOT.jar:na]
	at org.glassfish.jersey.internal.Errors.process(Errors.java:297) [ursus-simple-rest-application-0.1-SNAPSHOT.jar:na]
	at org.glassfish.jersey.internal.Errors.process(Errors.java:267) [ursus-simple-rest-application-0.1-SNAPSHOT.jar:na]
	at org.glassfish.jersey.process.internal.RequestScope.runInScope(RequestScope.java:318) [ursus-simple-rest-application-0.1-SNAPSHOT.jar:na]
	at org.glassfish.jersey.server.ServerRuntime.process(ServerRuntime.java:236) [ursus-simple-rest-application-0.1-SNAPSHOT.jar:na]
	at org.glassfish.jersey.server.ApplicationHandler.handle(ApplicationHandler.java:1010) [ursus-simple-rest-application-0.1-SNAPSHOT.jar:na]
	at org.glassfish.jersey.grizzly2.httpserver.GrizzlyHttpContainer.service(GrizzlyHttpContainer.java:363) [ursus-simple-rest-application-0.1-SNAPSHOT.jar:na]
	at org.glassfish.grizzly.http.server.HttpHandler$1.run(HttpHandler.java:217) [ursus-simple-rest-application-0.1-SNAPSHOT.jar:na]
	at org.glassfish.grizzly.threadpool.AbstractThreadPool$Worker.doWork(AbstractThreadPool.java:565) [ursus-simple-rest-application-0.1-SNAPSHOT.jar:na]
	at org.glassfish.grizzly.threadpool.AbstractThreadPool$Worker.run(AbstractThreadPool.java:545) [ursus-simple-rest-application-0.1-SNAPSHOT.jar:na]
	at java.lang.Thread.run(Thread.java:744) [na:1.7.0_45]
19:21:30.647 [Grizzly-worker(8)] INFO  c.aceevo.ursus.core.UrsusApplication - handling unknown exception type returning 500: 
javax.ws.rs.NotFoundException: HTTP 404 Not Found
	at org.glassfish.jersey.server.ServerRuntime$1.run(ServerRuntime.java:255) ~[ursus-simple-rest-application-0.1-SNAPSHOT.jar:na]
	at org.glassfish.jersey.internal.Errors$1.call(Errors.java:271) [ursus-simple-rest-application-0.1-SNAPSHOT.jar:na]
	at org.glassfish.jersey.internal.Errors$1.call(Errors.java:267) [ursus-simple-rest-application-0.1-SNAPSHOT.jar:na]
	at org.glassfish.jersey.internal.Errors.process(Errors.java:315) [ursus-simple-rest-application-0.1-SNAPSHOT.jar:na]
	at org.glassfish.jersey.internal.Errors.process(Errors.java:297) [ursus-simple-rest-application-0.1-SNAPSHOT.jar:na]
	at org.glassfish.jersey.internal.Errors.process(Errors.java:267) [ursus-simple-rest-application-0.1-SNAPSHOT.jar:na]
	at org.glassfish.jersey.process.internal.RequestScope.runInScope(RequestScope.java:318) [ursus-simple-rest-application-0.1-SNAPSHOT.jar:na]
	at org.glassfish.jersey.server.ServerRuntime.process(ServerRuntime.java:236) [ursus-simple-rest-application-0.1-SNAPSHOT.jar:na]
	at org.glassfish.jersey.server.ApplicationHandler.handle(ApplicationHandler.java:1010) [ursus-simple-rest-application-0.1-SNAPSHOT.jar:na]
	at org.glassfish.jersey.grizzly2.httpserver.GrizzlyHttpContainer.service(GrizzlyHttpContainer.java:363) [ursus-simple-rest-application-0.1-SNAPSHOT.jar:na]
	at org.glassfish.grizzly.http.server.HttpHandler$1.run(HttpHandler.java:217) [ursus-simple-rest-application-0.1-SNAPSHOT.jar:na]
	at org.glassfish.grizzly.threadpool.AbstractThreadPool$Worker.doWork(AbstractThreadPool.java:565) [ursus-simple-rest-application-0.1-SNAPSHOT.jar:na]
	at org.glassfish.grizzly.threadpool.AbstractThreadPool$Worker.run(AbstractThreadPool.java:545) [ursus-simple-rest-application-0.1-SNAPSHOT.jar:na]
	at java.lang.Thread.run(Thread.java:744) [na:1.7.0_45]
19:21:39.339 [Grizzly-worker(9)] INFO  c.aceevo.ursus.core.UrsusApplication - handling unknown exception type returning 500: 
javax.ws.rs.NotFoundException: HTTP 404 Not Found
	at org.glassfish.jersey.server.ServerRuntime$1.run(ServerRuntime.java:255) ~[ursus-simple-rest-application-0.1-SNAPSHOT.jar:na]
	at org.glassfish.jersey.internal.Errors$1.call(Errors.java:271) [ursus-simple-rest-application-0.1-SNAPSHOT.jar:na]
	at org.glassfish.jersey.internal.Errors$1.call(Errors.java:267) [ursus-simple-rest-application-0.1-SNAPSHOT.jar:na]
	at org.glassfish.jersey.internal.Errors.process(Errors.java:315) [ursus-simple-rest-application-0.1-SNAPSHOT.jar:na]
	at org.glassfish.jersey.internal.Errors.process(Errors.java:297) [ursus-simple-rest-application-0.1-SNAPSHOT.jar:na]
	at org.glassfish.jersey.internal.Errors.process(Errors.java:267) [ursus-simple-rest-application-0.1-SNAPSHOT.jar:na]
	at org.glassfish.jersey.process.internal.RequestScope.runInScope(RequestScope.java:318) [ursus-simple-rest-application-0.1-SNAPSHOT.jar:na]
	at org.glassfish.jersey.server.ServerRuntime.process(ServerRuntime.java:236) [ursus-simple-rest-application-0.1-SNAPSHOT.jar:na]
	at org.glassfish.jersey.server.ApplicationHandler.handle(ApplicationHandler.java:1010) [ursus-simple-rest-application-0.1-SNAPSHOT.jar:na]
	at org.glassfish.jersey.grizzly2.httpserver.GrizzlyHttpContainer.service(GrizzlyHttpContainer.java:363) [ursus-simple-rest-application-0.1-SNAPSHOT.jar:na]
	at org.glassfish.grizzly.http.server.HttpHandler$1.run(HttpHandler.java:217) [ursus-simple-rest-application-0.1-SNAPSHOT.jar:na]
	at org.glassfish.grizzly.threadpool.AbstractThreadPool$Worker.doWork(AbstractThreadPool.java:565) [ursus-simple-rest-application-0.1-SNAPSHOT.jar:na]
	at org.glassfish.grizzly.threadpool.AbstractThreadPool$Worker.run(AbstractThreadPool.java:545) [ursus-simple-rest-application-0.1-SNAPSHOT.jar:na]
	at java.lang.Thread.run(Thread.java:744) [na:1.7.0_45]
19:21:39.375 [Grizzly-worker(10)] INFO  c.aceevo.ursus.core.UrsusApplication - handling unknown exception type returning 500: 
javax.ws.rs.NotFoundException: HTTP 404 Not Found
	at org.glassfish.jersey.server.ServerRuntime$1.run(ServerRuntime.java:255) ~[ursus-simple-rest-application-0.1-SNAPSHOT.jar:na]
	at org.glassfish.jersey.internal.Errors$1.call(Errors.java:271) [ursus-simple-rest-application-0.1-SNAPSHOT.jar:na]
	at org.glassfish.jersey.internal.Errors$1.call(Errors.java:267) [ursus-simple-rest-application-0.1-SNAPSHOT.jar:na]
	at org.glassfish.jersey.internal.Errors.process(Errors.java:315) [ursus-simple-rest-application-0.1-SNAPSHOT.jar:na]
	at org.glassfish.jersey.internal.Errors.process(Errors.java:297) [ursus-simple-rest-application-0.1-SNAPSHOT.jar:na]
	at org.glassfish.jersey.internal.Errors.process(Errors.java:267) [ursus-simple-rest-application-0.1-SNAPSHOT.jar:na]
	at org.glassfish.jersey.process.internal.RequestScope.runInScope(RequestScope.java:318) [ursus-simple-rest-application-0.1-SNAPSHOT.jar:na]
	at org.glassfish.jersey.server.ServerRuntime.process(ServerRuntime.java:236) [ursus-simple-rest-application-0.1-SNAPSHOT.jar:na]
	at org.glassfish.jersey.server.ApplicationHandler.handle(ApplicationHandler.java:1010) [ursus-simple-rest-application-0.1-SNAPSHOT.jar:na]
	at org.glassfish.jersey.grizzly2.httpserver.GrizzlyHttpContainer.service(GrizzlyHttpContainer.java:363) [ursus-simple-rest-application-0.1-SNAPSHOT.jar:na]
	at org.glassfish.grizzly.http.server.HttpHandler$1.run(HttpHandler.java:217) [ursus-simple-rest-application-0.1-SNAPSHOT.jar:na]
	at org.glassfish.grizzly.threadpool.AbstractThreadPool$Worker.doWork(AbstractThreadPool.java:565) [ursus-simple-rest-application-0.1-SNAPSHOT.jar:na]
	at org.glassfish.grizzly.threadpool.AbstractThreadPool$Worker.run(AbstractThreadPool.java:545) [ursus-simple-rest-application-0.1-SNAPSHOT.jar:na]
	at java.lang.Thread.run(Thread.java:744) [na:1.7.0_45]
19:21:45.594 [shutdownHook] INFO  c.aceevo.ursus.core.UrsusApplication - Stopping Grizzly HttpServer...
19:21:45.599 [shutdownHook] INFO  c.aceevo.ursus.core.UrsusApplication - Stopping all managed services...
19:23:20.417 [main] INFO  o.g.jersey.server.ApplicationHandler - Initiating Jersey application, version Jersey: 2.5 2013-12-18 14:27:29...
19:23:20.519 [main] WARN  o.g.jersey.internal.inject.Providers - A provider com.aceevo.ursus.example.api.EchoEndpointResource registered in SERVER runtime does not implement any provider interfaces applicable in the SERVER runtime. Due to constraint configuration problems the provider com.aceevo.ursus.example.api.EchoEndpointResource will be ignored. 
19:23:20.841 [main] INFO  c.aceevo.ursus.core.UrsusApplication - Starting all managed services...
19:23:21.375 [main] INFO  o.g.g.http.server.NetworkListener - Started listener bound to [localhost:8080]
19:23:21.380 [main] INFO  o.g.grizzly.http.server.HttpServer - [HttpServer] Started.
19:23:21.381 [main] INFO  c.aceevo.ursus.core.UrsusApplication - Press CTRL^C to exit..
19:23:29.382 [Grizzly-worker(1)] INFO  c.aceevo.ursus.core.UrsusApplication - handling unknown exception type returning 500: 
javax.ws.rs.NotFoundException: HTTP 404 Not Found
	at org.glassfish.jersey.server.ServerRuntime$1.run(ServerRuntime.java:255) ~[ursus-simple-rest-application-0.1-SNAPSHOT.jar:na]
	at org.glassfish.jersey.internal.Errors$1.call(Errors.java:271) [ursus-simple-rest-application-0.1-SNAPSHOT.jar:na]
	at org.glassfish.jersey.internal.Errors$1.call(Errors.java:267) [ursus-simple-rest-application-0.1-SNAPSHOT.jar:na]
	at org.glassfish.jersey.internal.Errors.process(Errors.java:315) [ursus-simple-rest-application-0.1-SNAPSHOT.jar:na]
	at org.glassfish.jersey.internal.Errors.process(Errors.java:297) [ursus-simple-rest-application-0.1-SNAPSHOT.jar:na]
	at org.glassfish.jersey.internal.Errors.process(Errors.java:267) [ursus-simple-rest-application-0.1-SNAPSHOT.jar:na]
	at org.glassfish.jersey.process.internal.RequestScope.runInScope(RequestScope.java:318) [ursus-simple-rest-application-0.1-SNAPSHOT.jar:na]
	at org.glassfish.jersey.server.ServerRuntime.process(ServerRuntime.java:236) [ursus-simple-rest-application-0.1-SNAPSHOT.jar:na]
	at org.glassfish.jersey.server.ApplicationHandler.handle(ApplicationHandler.java:1010) [ursus-simple-rest-application-0.1-SNAPSHOT.jar:na]
	at org.glassfish.jersey.grizzly2.httpserver.GrizzlyHttpContainer.service(GrizzlyHttpContainer.java:363) [ursus-simple-rest-application-0.1-SNAPSHOT.jar:na]
	at org.glassfish.grizzly.http.server.HttpHandler$1.run(HttpHandler.java:217) [ursus-simple-rest-application-0.1-SNAPSHOT.jar:na]
	at org.glassfish.grizzly.threadpool.AbstractThreadPool$Worker.doWork(AbstractThreadPool.java:565) [ursus-simple-rest-application-0.1-SNAPSHOT.jar:na]
	at org.glassfish.grizzly.threadpool.AbstractThreadPool$Worker.run(AbstractThreadPool.java:545) [ursus-simple-rest-application-0.1-SNAPSHOT.jar:na]
	at java.lang.Thread.run(Thread.java:744) [na:1.7.0_45]
19:23:29.446 [Grizzly-worker(2)] INFO  c.aceevo.ursus.core.UrsusApplication - handling unknown exception type returning 500: 
javax.ws.rs.NotFoundException: HTTP 404 Not Found
	at org.glassfish.jersey.server.ServerRuntime$1.run(ServerRuntime.java:255) ~[ursus-simple-rest-application-0.1-SNAPSHOT.jar:na]
	at org.glassfish.jersey.internal.Errors$1.call(Errors.java:271) [ursus-simple-rest-application-0.1-SNAPSHOT.jar:na]
	at org.glassfish.jersey.internal.Errors$1.call(Errors.java:267) [ursus-simple-rest-application-0.1-SNAPSHOT.jar:na]
	at org.glassfish.jersey.internal.Errors.process(Errors.java:315) [ursus-simple-rest-application-0.1-SNAPSHOT.jar:na]
	at org.glassfish.jersey.internal.Errors.process(Errors.java:297) [ursus-simple-rest-application-0.1-SNAPSHOT.jar:na]
	at org.glassfish.jersey.internal.Errors.process(Errors.java:267) [ursus-simple-rest-application-0.1-SNAPSHOT.jar:na]
	at org.glassfish.jersey.process.internal.RequestScope.runInScope(RequestScope.java:318) [ursus-simple-rest-application-0.1-SNAPSHOT.jar:na]
	at org.glassfish.jersey.server.ServerRuntime.process(ServerRuntime.java:236) [ursus-simple-rest-application-0.1-SNAPSHOT.jar:na]
	at org.glassfish.jersey.server.ApplicationHandler.handle(ApplicationHandler.java:1010) [ursus-simple-rest-application-0.1-SNAPSHOT.jar:na]
	at org.glassfish.jersey.grizzly2.httpserver.GrizzlyHttpContainer.service(GrizzlyHttpContainer.java:363) [ursus-simple-rest-application-0.1-SNAPSHOT.jar:na]
	at org.glassfish.grizzly.http.server.HttpHandler$1.run(HttpHandler.java:217) [ursus-simple-rest-application-0.1-SNAPSHOT.jar:na]
	at org.glassfish.grizzly.threadpool.AbstractThreadPool$Worker.doWork(AbstractThreadPool.java:565) [ursus-simple-rest-application-0.1-SNAPSHOT.jar:na]
	at org.glassfish.grizzly.threadpool.AbstractThreadPool$Worker.run(AbstractThreadPool.java:545) [ursus-simple-rest-application-0.1-SNAPSHOT.jar:na]
	at java.lang.Thread.run(Thread.java:744) [na:1.7.0_45]
19:23:49.952 [Grizzly-worker(3)] INFO  c.aceevo.ursus.core.UrsusApplication - handling unknown exception type returning 500: 
javax.ws.rs.NotFoundException: HTTP 404 Not Found
	at org.glassfish.jersey.server.ServerRuntime$1.run(ServerRuntime.java:255) ~[ursus-simple-rest-application-0.1-SNAPSHOT.jar:na]
	at org.glassfish.jersey.internal.Errors$1.call(Errors.java:271) [ursus-simple-rest-application-0.1-SNAPSHOT.jar:na]
	at org.glassfish.jersey.internal.Errors$1.call(Errors.java:267) [ursus-simple-rest-application-0.1-SNAPSHOT.jar:na]
	at org.glassfish.jersey.internal.Errors.process(Errors.java:315) [ursus-simple-rest-application-0.1-SNAPSHOT.jar:na]
	at org.glassfish.jersey.internal.Errors.process(Errors.java:297) [ursus-simple-rest-application-0.1-SNAPSHOT.jar:na]
	at org.glassfish.jersey.internal.Errors.process(Errors.java:267) [ursus-simple-rest-application-0.1-SNAPSHOT.jar:na]
	at org.glassfish.jersey.process.internal.RequestScope.runInScope(RequestScope.java:318) [ursus-simple-rest-application-0.1-SNAPSHOT.jar:na]
	at org.glassfish.jersey.server.ServerRuntime.process(ServerRuntime.java:236) [ursus-simple-rest-application-0.1-SNAPSHOT.jar:na]
	at org.glassfish.jersey.server.ApplicationHandler.handle(ApplicationHandler.java:1010) [ursus-simple-rest-application-0.1-SNAPSHOT.jar:na]
	at org.glassfish.jersey.grizzly2.httpserver.GrizzlyHttpContainer.service(GrizzlyHttpContainer.java:363) [ursus-simple-rest-application-0.1-SNAPSHOT.jar:na]
	at org.glassfish.grizzly.http.server.HttpHandler$1.run(HttpHandler.java:217) [ursus-simple-rest-application-0.1-SNAPSHOT.jar:na]
	at org.glassfish.grizzly.threadpool.AbstractThreadPool$Worker.doWork(AbstractThreadPool.java:565) [ursus-simple-rest-application-0.1-SNAPSHOT.jar:na]
	at org.glassfish.grizzly.threadpool.AbstractThreadPool$Worker.run(AbstractThreadPool.java:545) [ursus-simple-rest-application-0.1-SNAPSHOT.jar:na]
	at java.lang.Thread.run(Thread.java:744) [na:1.7.0_45]
19:23:50.004 [Grizzly-worker(4)] INFO  c.aceevo.ursus.core.UrsusApplication - handling unknown exception type returning 500: 
javax.ws.rs.NotFoundException: HTTP 404 Not Found
	at org.glassfish.jersey.server.ServerRuntime$1.run(ServerRuntime.java:255) ~[ursus-simple-rest-application-0.1-SNAPSHOT.jar:na]
	at org.glassfish.jersey.internal.Errors$1.call(Errors.java:271) [ursus-simple-rest-application-0.1-SNAPSHOT.jar:na]
	at org.glassfish.jersey.internal.Errors$1.call(Errors.java:267) [ursus-simple-rest-application-0.1-SNAPSHOT.jar:na]
	at org.glassfish.jersey.internal.Errors.process(Errors.java:315) [ursus-simple-rest-application-0.1-SNAPSHOT.jar:na]
	at org.glassfish.jersey.internal.Errors.process(Errors.java:297) [ursus-simple-rest-application-0.1-SNAPSHOT.jar:na]
	at org.glassfish.jersey.internal.Errors.process(Errors.java:267) [ursus-simple-rest-application-0.1-SNAPSHOT.jar:na]
	at org.glassfish.jersey.process.internal.RequestScope.runInScope(RequestScope.java:318) [ursus-simple-rest-application-0.1-SNAPSHOT.jar:na]
	at org.glassfish.jersey.server.ServerRuntime.process(ServerRuntime.java:236) [ursus-simple-rest-application-0.1-SNAPSHOT.jar:na]
	at org.glassfish.jersey.server.ApplicationHandler.handle(ApplicationHandler.java:1010) [ursus-simple-rest-application-0.1-SNAPSHOT.jar:na]
	at org.glassfish.jersey.grizzly2.httpserver.GrizzlyHttpContainer.service(GrizzlyHttpContainer.java:363) [ursus-simple-rest-application-0.1-SNAPSHOT.jar:na]
	at org.glassfish.grizzly.http.server.HttpHandler$1.run(HttpHandler.java:217) [ursus-simple-rest-application-0.1-SNAPSHOT.jar:na]
	at org.glassfish.grizzly.threadpool.AbstractThreadPool$Worker.doWork(AbstractThreadPool.java:565) [ursus-simple-rest-application-0.1-SNAPSHOT.jar:na]
	at org.glassfish.grizzly.threadpool.AbstractThreadPool$Worker.run(AbstractThreadPool.java:545) [ursus-simple-rest-application-0.1-SNAPSHOT.jar:na]
	at java.lang.Thread.run(Thread.java:744) [na:1.7.0_45]
19:24:46.618 [shutdownHook] INFO  c.aceevo.ursus.core.UrsusApplication - Stopping Grizzly HttpServer...
19:24:46.623 [shutdownHook] INFO  c.aceevo.ursus.core.UrsusApplication - Stopping all managed services...
19:26:24.144 [main] INFO  o.g.jersey.server.ApplicationHandler - Initiating Jersey application, version Jersey: 2.5 2013-12-18 14:27:29...
19:26:24.251 [main] WARN  o.g.jersey.internal.inject.Providers - A provider com.aceevo.ursus.example.api.EchoEndpointResource registered in SERVER runtime does not implement any provider interfaces applicable in the SERVER runtime. Due to constraint configuration problems the provider com.aceevo.ursus.example.api.EchoEndpointResource will be ignored. 
19:26:24.570 [main] INFO  c.aceevo.ursus.core.UrsusApplication - Starting all managed services...
19:26:25.104 [main] INFO  o.g.g.http.server.NetworkListener - Started listener bound to [localhost:8080]
19:26:25.109 [main] INFO  o.g.grizzly.http.server.HttpServer - [HttpServer] Started.
19:26:25.109 [main] INFO  c.aceevo.ursus.core.UrsusApplication - Press CTRL^C to exit..
19:26:29.051 [Grizzly-worker(2)] INFO  c.aceevo.ursus.core.UrsusApplication - handling unknown exception type returning 500: 
javax.ws.rs.NotFoundException: HTTP 404 Not Found
	at org.glassfish.jersey.server.ServerRuntime$1.run(ServerRuntime.java:255) ~[ursus-simple-rest-application-0.1-SNAPSHOT.jar:na]
	at org.glassfish.jersey.internal.Errors$1.call(Errors.java:271) [ursus-simple-rest-application-0.1-SNAPSHOT.jar:na]
	at org.glassfish.jersey.internal.Errors$1.call(Errors.java:267) [ursus-simple-rest-application-0.1-SNAPSHOT.jar:na]
	at org.glassfish.jersey.internal.Errors.process(Errors.java:315) [ursus-simple-rest-application-0.1-SNAPSHOT.jar:na]
	at org.glassfish.jersey.internal.Errors.process(Errors.java:297) [ursus-simple-rest-application-0.1-SNAPSHOT.jar:na]
	at org.glassfish.jersey.internal.Errors.process(Errors.java:267) [ursus-simple-rest-application-0.1-SNAPSHOT.jar:na]
	at org.glassfish.jersey.process.internal.RequestScope.runInScope(RequestScope.java:318) [ursus-simple-rest-application-0.1-SNAPSHOT.jar:na]
	at org.glassfish.jersey.server.ServerRuntime.process(ServerRuntime.java:236) [ursus-simple-rest-application-0.1-SNAPSHOT.jar:na]
	at org.glassfish.jersey.server.ApplicationHandler.handle(ApplicationHandler.java:1010) [ursus-simple-rest-application-0.1-SNAPSHOT.jar:na]
	at org.glassfish.jersey.grizzly2.httpserver.GrizzlyHttpContainer.service(GrizzlyHttpContainer.java:363) [ursus-simple-rest-application-0.1-SNAPSHOT.jar:na]
	at org.glassfish.grizzly.http.server.HttpHandler$1.run(HttpHandler.java:217) [ursus-simple-rest-application-0.1-SNAPSHOT.jar:na]
	at org.glassfish.grizzly.threadpool.AbstractThreadPool$Worker.doWork(AbstractThreadPool.java:565) [ursus-simple-rest-application-0.1-SNAPSHOT.jar:na]
	at org.glassfish.grizzly.threadpool.AbstractThreadPool$Worker.run(AbstractThreadPool.java:545) [ursus-simple-rest-application-0.1-SNAPSHOT.jar:na]
	at java.lang.Thread.run(Thread.java:744) [na:1.7.0_45]
19:26:36.475 [Grizzly-worker(4)] INFO  c.aceevo.ursus.core.UrsusApplication - handling unknown exception type returning 500: 
javax.ws.rs.NotFoundException: HTTP 404 Not Found
	at org.glassfish.jersey.server.ServerRuntime$1.run(ServerRuntime.java:255) ~[ursus-simple-rest-application-0.1-SNAPSHOT.jar:na]
	at org.glassfish.jersey.internal.Errors$1.call(Errors.java:271) [ursus-simple-rest-application-0.1-SNAPSHOT.jar:na]
	at org.glassfish.jersey.internal.Errors$1.call(Errors.java:267) [ursus-simple-rest-application-0.1-SNAPSHOT.jar:na]
	at org.glassfish.jersey.internal.Errors.process(Errors.java:315) [ursus-simple-rest-application-0.1-SNAPSHOT.jar:na]
	at org.glassfish.jersey.internal.Errors.process(Errors.java:297) [ursus-simple-rest-application-0.1-SNAPSHOT.jar:na]
	at org.glassfish.jersey.internal.Errors.process(Errors.java:267) [ursus-simple-rest-application-0.1-SNAPSHOT.jar:na]
	at org.glassfish.jersey.process.internal.RequestScope.runInScope(RequestScope.java:318) [ursus-simple-rest-application-0.1-SNAPSHOT.jar:na]
	at org.glassfish.jersey.server.ServerRuntime.process(ServerRuntime.java:236) [ursus-simple-rest-application-0.1-SNAPSHOT.jar:na]
	at org.glassfish.jersey.server.ApplicationHandler.handle(ApplicationHandler.java:1010) [ursus-simple-rest-application-0.1-SNAPSHOT.jar:na]
	at org.glassfish.jersey.grizzly2.httpserver.GrizzlyHttpContainer.service(GrizzlyHttpContainer.java:363) [ursus-simple-rest-application-0.1-SNAPSHOT.jar:na]
	at org.glassfish.grizzly.http.server.HttpHandler$1.run(HttpHandler.java:217) [ursus-simple-rest-application-0.1-SNAPSHOT.jar:na]
	at org.glassfish.grizzly.threadpool.AbstractThreadPool$Worker.doWork(AbstractThreadPool.java:565) [ursus-simple-rest-application-0.1-SNAPSHOT.jar:na]
	at org.glassfish.grizzly.threadpool.AbstractThreadPool$Worker.run(AbstractThreadPool.java:545) [ursus-simple-rest-application-0.1-SNAPSHOT.jar:na]
	at java.lang.Thread.run(Thread.java:744) [na:1.7.0_45]
19:26:58.452 [Grizzly-worker(7)] INFO  c.aceevo.ursus.core.UrsusApplication - handling unknown exception type returning 500: 
javax.ws.rs.NotFoundException: HTTP 404 Not Found
	at org.glassfish.jersey.server.ServerRuntime$1.run(ServerRuntime.java:255) ~[ursus-simple-rest-application-0.1-SNAPSHOT.jar:na]
	at org.glassfish.jersey.internal.Errors$1.call(Errors.java:271) [ursus-simple-rest-application-0.1-SNAPSHOT.jar:na]
	at org.glassfish.jersey.internal.Errors$1.call(Errors.java:267) [ursus-simple-rest-application-0.1-SNAPSHOT.jar:na]
	at org.glassfish.jersey.internal.Errors.process(Errors.java:315) [ursus-simple-rest-application-0.1-SNAPSHOT.jar:na]
	at org.glassfish.jersey.internal.Errors.process(Errors.java:297) [ursus-simple-rest-application-0.1-SNAPSHOT.jar:na]
	at org.glassfish.jersey.internal.Errors.process(Errors.java:267) [ursus-simple-rest-application-0.1-SNAPSHOT.jar:na]
	at org.glassfish.jersey.process.internal.RequestScope.runInScope(RequestScope.java:318) [ursus-simple-rest-application-0.1-SNAPSHOT.jar:na]
	at org.glassfish.jersey.server.ServerRuntime.process(ServerRuntime.java:236) [ursus-simple-rest-application-0.1-SNAPSHOT.jar:na]
	at org.glassfish.jersey.server.ApplicationHandler.handle(ApplicationHandler.java:1010) [ursus-simple-rest-application-0.1-SNAPSHOT.jar:na]
	at org.glassfish.jersey.grizzly2.httpserver.GrizzlyHttpContainer.service(GrizzlyHttpContainer.java:363) [ursus-simple-rest-application-0.1-SNAPSHOT.jar:na]
	at org.glassfish.grizzly.http.server.HttpHandler$1.run(HttpHandler.java:217) [ursus-simple-rest-application-0.1-SNAPSHOT.jar:na]
	at org.glassfish.grizzly.threadpool.AbstractThreadPool$Worker.doWork(AbstractThreadPool.java:565) [ursus-simple-rest-application-0.1-SNAPSHOT.jar:na]
	at org.glassfish.grizzly.threadpool.AbstractThreadPool$Worker.run(AbstractThreadPool.java:545) [ursus-simple-rest-application-0.1-SNAPSHOT.jar:na]
	at java.lang.Thread.run(Thread.java:744) [na:1.7.0_45]
19:27:17.756 [shutdownHook] INFO  c.aceevo.ursus.core.UrsusApplication - Stopping Grizzly HttpServer...
19:27:17.762 [shutdownHook] INFO  c.aceevo.ursus.core.UrsusApplication - Stopping all managed services...
19:29:38.449 [main] INFO  o.g.jersey.server.ApplicationHandler - Initiating Jersey application, version Jersey: 2.5 2013-12-18 14:27:29...
19:29:38.552 [main] WARN  o.g.jersey.internal.inject.Providers - A provider com.aceevo.ursus.example.api.EchoEndpointResource registered in SERVER runtime does not implement any provider interfaces applicable in the SERVER runtime. Due to constraint configuration problems the provider com.aceevo.ursus.example.api.EchoEndpointResource will be ignored. 
19:29:38.862 [main] INFO  c.aceevo.ursus.core.UrsusApplication - Starting all managed services...
19:29:39.379 [main] INFO  o.g.g.http.server.NetworkListener - Started listener bound to [localhost:8080]
19:29:39.385 [main] INFO  o.g.grizzly.http.server.HttpServer - [HttpServer] Started.
19:29:39.386 [main] INFO  c.aceevo.ursus.core.UrsusApplication - Press CTRL^C to exit..
19:29:46.078 [Grizzly-worker(2)] INFO  c.aceevo.ursus.core.UrsusApplication - handling unknown exception type returning 500: 
javax.ws.rs.NotFoundException: HTTP 404 Not Found
	at org.glassfish.jersey.server.ServerRuntime$1.run(ServerRuntime.java:255) ~[ursus-simple-rest-application-0.1-SNAPSHOT.jar:na]
	at org.glassfish.jersey.internal.Errors$1.call(Errors.java:271) [ursus-simple-rest-application-0.1-SNAPSHOT.jar:na]
	at org.glassfish.jersey.internal.Errors$1.call(Errors.java:267) [ursus-simple-rest-application-0.1-SNAPSHOT.jar:na]
	at org.glassfish.jersey.internal.Errors.process(Errors.java:315) [ursus-simple-rest-application-0.1-SNAPSHOT.jar:na]
	at org.glassfish.jersey.internal.Errors.process(Errors.java:297) [ursus-simple-rest-application-0.1-SNAPSHOT.jar:na]
	at org.glassfish.jersey.internal.Errors.process(Errors.java:267) [ursus-simple-rest-application-0.1-SNAPSHOT.jar:na]
	at org.glassfish.jersey.process.internal.RequestScope.runInScope(RequestScope.java:318) [ursus-simple-rest-application-0.1-SNAPSHOT.jar:na]
	at org.glassfish.jersey.server.ServerRuntime.process(ServerRuntime.java:236) [ursus-simple-rest-application-0.1-SNAPSHOT.jar:na]
	at org.glassfish.jersey.server.ApplicationHandler.handle(ApplicationHandler.java:1010) [ursus-simple-rest-application-0.1-SNAPSHOT.jar:na]
	at org.glassfish.jersey.grizzly2.httpserver.GrizzlyHttpContainer.service(GrizzlyHttpContainer.java:363) [ursus-simple-rest-application-0.1-SNAPSHOT.jar:na]
	at org.glassfish.grizzly.http.server.HttpHandler$1.run(HttpHandler.java:217) [ursus-simple-rest-application-0.1-SNAPSHOT.jar:na]
	at org.glassfish.grizzly.threadpool.AbstractThreadPool$Worker.doWork(AbstractThreadPool.java:565) [ursus-simple-rest-application-0.1-SNAPSHOT.jar:na]
	at org.glassfish.grizzly.threadpool.AbstractThreadPool$Worker.run(AbstractThreadPool.java:545) [ursus-simple-rest-application-0.1-SNAPSHOT.jar:na]
	at java.lang.Thread.run(Thread.java:744) [na:1.7.0_45]
19:29:50.444 [Grizzly-worker(4)] INFO  c.aceevo.ursus.core.UrsusApplication - handling unknown exception type returning 500: 
javax.ws.rs.NotFoundException: HTTP 404 Not Found
	at org.glassfish.jersey.server.ServerRuntime$1.run(ServerRuntime.java:255) ~[ursus-simple-rest-application-0.1-SNAPSHOT.jar:na]
	at org.glassfish.jersey.internal.Errors$1.call(Errors.java:271) [ursus-simple-rest-application-0.1-SNAPSHOT.jar:na]
	at org.glassfish.jersey.internal.Errors$1.call(Errors.java:267) [ursus-simple-rest-application-0.1-SNAPSHOT.jar:na]
	at org.glassfish.jersey.internal.Errors.process(Errors.java:315) [ursus-simple-rest-application-0.1-SNAPSHOT.jar:na]
	at org.glassfish.jersey.internal.Errors.process(Errors.java:297) [ursus-simple-rest-application-0.1-SNAPSHOT.jar:na]
	at org.glassfish.jersey.internal.Errors.process(Errors.java:267) [ursus-simple-rest-application-0.1-SNAPSHOT.jar:na]
	at org.glassfish.jersey.process.internal.RequestScope.runInScope(RequestScope.java:318) [ursus-simple-rest-application-0.1-SNAPSHOT.jar:na]
	at org.glassfish.jersey.server.ServerRuntime.process(ServerRuntime.java:236) [ursus-simple-rest-application-0.1-SNAPSHOT.jar:na]
	at org.glassfish.jersey.server.ApplicationHandler.handle(ApplicationHandler.java:1010) [ursus-simple-rest-application-0.1-SNAPSHOT.jar:na]
	at org.glassfish.jersey.grizzly2.httpserver.GrizzlyHttpContainer.service(GrizzlyHttpContainer.java:363) [ursus-simple-rest-application-0.1-SNAPSHOT.jar:na]
	at org.glassfish.grizzly.http.server.HttpHandler$1.run(HttpHandler.java:217) [ursus-simple-rest-application-0.1-SNAPSHOT.jar:na]
	at org.glassfish.grizzly.threadpool.AbstractThreadPool$Worker.doWork(AbstractThreadPool.java:565) [ursus-simple-rest-application-0.1-SNAPSHOT.jar:na]
	at org.glassfish.grizzly.threadpool.AbstractThreadPool$Worker.run(AbstractThreadPool.java:545) [ursus-simple-rest-application-0.1-SNAPSHOT.jar:na]
	at java.lang.Thread.run(Thread.java:744) [na:1.7.0_45]
19:29:55.935 [shutdownHook] INFO  c.aceevo.ursus.core.UrsusApplication - Stopping Grizzly HttpServer...
19:29:55.941 [shutdownHook] INFO  c.aceevo.ursus.core.UrsusApplication - Stopping all managed services...
